<?xml version="1.0" encoding="UTF-8"?>
<testsuite xmlns:xsi="http://www.w3.org/2001/XMLSchema-instance" xsi:noNamespaceSchemaLocation="https://maven.apache.org/surefire/maven-surefire-plugin/xsd/surefire-test-report.xsd" name="com.taoyuanx.test.LDAPTest" time="0.917" tests="13" errors="3" skipped="0" failures="0">
  <properties>
[...]
</properties>
  <testcase name="testQuery" classname="com.taoyuanx.test.LDAPTest" time="0.065"/>
  <testcase name="query1" classname="com.taoyuanx.test.LDAPTest" time="0.057"/>
  <testcase name="query2" classname="com.taoyuanx.test.LDAPTest" time="0.032"/>
  <testcase name="query3" classname="com.taoyuanx.test.LDAPTest" time="0.086"/>
  <testcase name="query4" classname="com.taoyuanx.test.LDAPTest" time="0.039"/>
  <testcase name="query5" classname="com.taoyuanx.test.LDAPTest" time="0.031"/>
  <testcase name="query7" classname="com.taoyuanx.test.LDAPTest" time="0.033"/>
  <testcase name="update" classname="com.taoyuanx.test.LDAPTest" time="0.029"/>
  <testcase name="Add" classname="com.taoyuanx.test.LDAPTest" time="0.03">
    <error message="[LDAP: error code 68 - Entry Already Exists]; nested exception is javax.naming.NameAlreadyBoundException: [LDAP: error code 68 - Entry Already Exists]; remaining name &apos;cn=Aiden Ning,ou=xianyu&apos;" type="org.springframework.ldap.NameAlreadyBoundException">org.springframework.ldap.NameAlreadyBoundException: [LDAP: error code 68 - Entry Already Exists]; nested exception is javax.naming.NameAlreadyBoundException: [LDAP: error code 68 - Entry Already Exists]; remaining name 'cn=Aiden Ning,ou=xianyu'
	at com.taoyuanx.test.LDAPTest.Add(LDAPTest.java:234)
Caused by: javax.naming.NameAlreadyBoundException: [LDAP: error code 68 - Entry Already Exists]
	at com.taoyuanx.test.LDAPTest.Add(LDAPTest.java:234)
</error>
    <system-out><![CDATA[2020-05-14 09:41:46.970 [main] DEBUG o.s.test.annotation.ProfileValueUtils -
				Retrieved @ProfileValueSourceConfiguration [null] for test class [com.taoyuanx.test.LDAPTest]
2020-05-14 09:41:46.970 [main] DEBUG o.s.test.annotation.ProfileValueUtils -
				Retrieved ProfileValueSource type [class org.springframework.test.annotation.SystemProfileValueSource] for class [com.taoyuanx.test.LDAPTest]
2020-05-14 09:41:46.970 [main] DEBUG o.s.t.c.c.DefaultCacheAwareContextLoaderDelegate -
				Retrieved ApplicationContext from cache with key [[WebMergedContextConfiguration@5ec3689b testClass = LDAPTest, locations = '{}', classes = '{class nudt.web.AppServerApplication, class nudt.web.AppServerApplication}', contextInitializerClasses = '[]', activeProfiles = '{}', propertySourceLocations = '{}', propertySourceProperties = '{org.springframework.boot.test.context.SpringBootTestContextBootstrapper=true}', contextCustomizers = set[org.springframework.boot.test.context.SpringBootTestContextCustomizer@3b2c72c2, org.springframework.boot.test.context.filter.ExcludeFilterContextCustomizer@971d0d8, org.springframework.boot.test.json.DuplicateJsonObjectContextCustomizerFactory$DuplicateJsonObjectContextCustomizer@564718df, org.springframework.boot.test.mock.mockito.MockitoContextCustomizer@0, org.springframework.boot.test.autoconfigure.properties.PropertyMappingContextCustomizer@0, org.springframework.boot.test.autoconfigure.web.servlet.WebDriverContextCustomizerFactory$Customizer@5d47c63f], resourceBasePath = 'src/main/webapp', contextLoader = 'org.springframework.boot.test.context.SpringBootContextLoader', parent = [null]]]
2020-05-14 09:41:46.970 [main] DEBUG org.springframework.test.context.cache -
				Spring test ApplicationContext cache statistics: [DefaultContextCache@5f8d4b51 size = 1, maxSize = 32, parentContextCount = 0, hitCount = 73, missCount = 1]
2020-05-14 09:41:46.970 [main] DEBUG o.s.test.context.web.ServletTestExecutionListener -
				Setting up MockHttpServletRequest, MockHttpServletResponse, ServletWebRequest, and RequestContextHolder for test context [DefaultTestContext@1ddc889b testClass = LDAPTest, testInstance = com.taoyuanx.test.LDAPTest@1a22c1ba, testMethod = [null], testException = [null], mergedContextConfiguration = [WebMergedContextConfiguration@5ec3689b testClass = LDAPTest, locations = '{}', classes = '{class nudt.web.AppServerApplication, class nudt.web.AppServerApplication}', contextInitializerClasses = '[]', activeProfiles = '{}', propertySourceLocations = '{}', propertySourceProperties = '{org.springframework.boot.test.context.SpringBootTestContextBootstrapper=true}', contextCustomizers = set[org.springframework.boot.test.context.SpringBootTestContextCustomizer@3b2c72c2, org.springframework.boot.test.context.filter.ExcludeFilterContextCustomizer@971d0d8, org.springframework.boot.test.json.DuplicateJsonObjectContextCustomizerFactory$DuplicateJsonObjectContextCustomizer@564718df, org.springframework.boot.test.mock.mockito.MockitoContextCustomizer@0, org.springframework.boot.test.autoconfigure.properties.PropertyMappingContextCustomizer@0, org.springframework.boot.test.autoconfigure.web.servlet.WebDriverContextCustomizerFactory$Customizer@5d47c63f], resourceBasePath = 'src/main/webapp', contextLoader = 'org.springframework.boot.test.context.SpringBootContextLoader', parent = [null]]].
2020-05-14 09:41:46.970 [main] DEBUG o.s.t.c.s.DependencyInjectionTestExecutionListener -
				Performing dependency injection for test context [[DefaultTestContext@1ddc889b testClass = LDAPTest, testInstance = com.taoyuanx.test.LDAPTest@1a22c1ba, testMethod = [null], testException = [null], mergedContextConfiguration = [WebMergedContextConfiguration@5ec3689b testClass = LDAPTest, locations = '{}', classes = '{class nudt.web.AppServerApplication, class nudt.web.AppServerApplication}', contextInitializerClasses = '[]', activeProfiles = '{}', propertySourceLocations = '{}', propertySourceProperties = '{org.springframework.boot.test.context.SpringBootTestContextBootstrapper=true}', contextCustomizers = set[org.springframework.boot.test.context.SpringBootTestContextCustomizer@3b2c72c2, org.springframework.boot.test.context.filter.ExcludeFilterContextCustomizer@971d0d8, org.springframework.boot.test.json.DuplicateJsonObjectContextCustomizerFactory$DuplicateJsonObjectContextCustomizer@564718df, org.springframework.boot.test.mock.mockito.MockitoContextCustomizer@0, org.springframework.boot.test.autoconfigure.properties.PropertyMappingContextCustomizer@0, org.springframework.boot.test.autoconfigure.web.servlet.WebDriverContextCustomizerFactory$Customizer@5d47c63f], resourceBasePath = 'src/main/webapp', contextLoader = 'org.springframework.boot.test.context.SpringBootContextLoader', parent = [null]]]].
2020-05-14 09:41:46.970 [main] DEBUG o.s.t.c.c.DefaultCacheAwareContextLoaderDelegate -
				Retrieved ApplicationContext from cache with key [[WebMergedContextConfiguration@5ec3689b testClass = LDAPTest, locations = '{}', classes = '{class nudt.web.AppServerApplication, class nudt.web.AppServerApplication}', contextInitializerClasses = '[]', activeProfiles = '{}', propertySourceLocations = '{}', propertySourceProperties = '{org.springframework.boot.test.context.SpringBootTestContextBootstrapper=true}', contextCustomizers = set[org.springframework.boot.test.context.SpringBootTestContextCustomizer@3b2c72c2, org.springframework.boot.test.context.filter.ExcludeFilterContextCustomizer@971d0d8, org.springframework.boot.test.json.DuplicateJsonObjectContextCustomizerFactory$DuplicateJsonObjectContextCustomizer@564718df, org.springframework.boot.test.mock.mockito.MockitoContextCustomizer@0, org.springframework.boot.test.autoconfigure.properties.PropertyMappingContextCustomizer@0, org.springframework.boot.test.autoconfigure.web.servlet.WebDriverContextCustomizerFactory$Customizer@5d47c63f], resourceBasePath = 'src/main/webapp', contextLoader = 'org.springframework.boot.test.context.SpringBootContextLoader', parent = [null]]]
2020-05-14 09:41:46.970 [main] DEBUG org.springframework.test.context.cache -
				Spring test ApplicationContext cache statistics: [DefaultContextCache@5f8d4b51 size = 1, maxSize = 32, parentContextCount = 0, hitCount = 74, missCount = 1]
2020-05-14 09:41:46.970 [main] DEBUG o.s.beans.factory.annotation.InjectionMetadata -
				Processing injected element of bean 'com.taoyuanx.test.LDAPTest': AutowiredFieldElement for org.springframework.context.ApplicationContext com.taoyuanx.test.LDAPTest.ioc
2020-05-14 09:41:46.971 [main] DEBUG o.s.beans.factory.annotation.InjectionMetadata -
				Processing injected element of bean 'com.taoyuanx.test.LDAPTest': AutowiredFieldElement for org.springframework.ldap.core.LdapTemplate com.taoyuanx.test.LDAPTest.ldapTemplate
2020-05-14 09:41:46.971 [main] DEBUG o.s.b.factory.support.DefaultListableBeanFactory -
				Returning cached instance of singleton bean 'ldapTemplate'
2020-05-14 09:41:46.971 [main] DEBUG o.s.beans.factory.annotation.InjectionMetadata -
				Processing injected element of bean 'com.taoyuanx.test.LDAPTest': AutowiredFieldElement for nudt.web.service.CertService com.taoyuanx.test.LDAPTest.certService
2020-05-14 09:41:46.971 [main] DEBUG o.s.b.factory.support.DefaultListableBeanFactory -
				Returning cached instance of singleton bean 'certServiceImpl'
2020-05-14 09:41:46.971 [main] DEBUG o.s.t.c.s.AbstractDirtiesContextTestExecutionListener -
				Before test method: context [DefaultTestContext@1ddc889b testClass = LDAPTest, testInstance = com.taoyuanx.test.LDAPTest@1a22c1ba, testMethod = Add@LDAPTest, testException = [null], mergedContextConfiguration = [WebMergedContextConfiguration@5ec3689b testClass = LDAPTest, locations = '{}', classes = '{class nudt.web.AppServerApplication, class nudt.web.AppServerApplication}', contextInitializerClasses = '[]', activeProfiles = '{}', propertySourceLocations = '{}', propertySourceProperties = '{org.springframework.boot.test.context.SpringBootTestContextBootstrapper=true}', contextCustomizers = set[org.springframework.boot.test.context.SpringBootTestContextCustomizer@3b2c72c2, org.springframework.boot.test.context.filter.ExcludeFilterContextCustomizer@971d0d8, org.springframework.boot.test.json.DuplicateJsonObjectContextCustomizerFactory$DuplicateJsonObjectContextCustomizer@564718df, org.springframework.boot.test.mock.mockito.MockitoContextCustomizer@0, org.springframework.boot.test.autoconfigure.properties.PropertyMappingContextCustomizer@0, org.springframework.boot.test.autoconfigure.web.servlet.WebDriverContextCustomizerFactory$Customizer@5d47c63f], resourceBasePath = 'src/main/webapp', contextLoader = 'org.springframework.boot.test.context.SpringBootContextLoader', parent = [null]]], class annotated with @DirtiesContext [false] with mode [null], method annotated with @DirtiesContext [false] with mode [null].
2020-05-14 09:41:46.971 [main] DEBUG o.s.t.c.c.DefaultCacheAwareContextLoaderDelegate -
				Retrieved ApplicationContext from cache with key [[WebMergedContextConfiguration@5ec3689b testClass = LDAPTest, locations = '{}', classes = '{class nudt.web.AppServerApplication, class nudt.web.AppServerApplication}', contextInitializerClasses = '[]', activeProfiles = '{}', propertySourceLocations = '{}', propertySourceProperties = '{org.springframework.boot.test.context.SpringBootTestContextBootstrapper=true}', contextCustomizers = set[org.springframework.boot.test.context.SpringBootTestContextCustomizer@3b2c72c2, org.springframework.boot.test.context.filter.ExcludeFilterContextCustomizer@971d0d8, org.springframework.boot.test.json.DuplicateJsonObjectContextCustomizerFactory$DuplicateJsonObjectContextCustomizer@564718df, org.springframework.boot.test.mock.mockito.MockitoContextCustomizer@0, org.springframework.boot.test.autoconfigure.properties.PropertyMappingContextCustomizer@0, org.springframework.boot.test.autoconfigure.web.servlet.WebDriverContextCustomizerFactory$Customizer@5d47c63f], resourceBasePath = 'src/main/webapp', contextLoader = 'org.springframework.boot.test.context.SpringBootContextLoader', parent = [null]]]
2020-05-14 09:41:46.971 [main] DEBUG org.springframework.test.context.cache -
				Spring test ApplicationContext cache statistics: [DefaultContextCache@5f8d4b51 size = 1, maxSize = 32, parentContextCount = 0, hitCount = 75, missCount = 1]
2020-05-14 09:41:46.972 [main] DEBUG o.s.b.factory.support.DefaultListableBeanFactory -
				Returning cached instance of singleton bean 'org.springframework.boot.test.mock.mockito.MockitoBeans'
2020-05-14 09:41:46.979 [main] DEBUG o.s.ldap.core.support.AbstractContextSource -
				Got Ldap context on server 'ldap://172.20.10.9:389/dc=zfc,dc=com'
2020-05-14 09:41:46.981 [main] DEBUG o.s.t.c.c.DefaultCacheAwareContextLoaderDelegate -
				Retrieved ApplicationContext from cache with key [[WebMergedContextConfiguration@5ec3689b testClass = LDAPTest, locations = '{}', classes = '{class nudt.web.AppServerApplication, class nudt.web.AppServerApplication}', contextInitializerClasses = '[]', activeProfiles = '{}', propertySourceLocations = '{}', propertySourceProperties = '{org.springframework.boot.test.context.SpringBootTestContextBootstrapper=true}', contextCustomizers = set[org.springframework.boot.test.context.SpringBootTestContextCustomizer@3b2c72c2, org.springframework.boot.test.context.filter.ExcludeFilterContextCustomizer@971d0d8, org.springframework.boot.test.json.DuplicateJsonObjectContextCustomizerFactory$DuplicateJsonObjectContextCustomizer@564718df, org.springframework.boot.test.mock.mockito.MockitoContextCustomizer@0, org.springframework.boot.test.autoconfigure.properties.PropertyMappingContextCustomizer@0, org.springframework.boot.test.autoconfigure.web.servlet.WebDriverContextCustomizerFactory$Customizer@5d47c63f], resourceBasePath = 'src/main/webapp', contextLoader = 'org.springframework.boot.test.context.SpringBootContextLoader', parent = [null]]]
2020-05-14 09:41:46.982 [main] DEBUG org.springframework.test.context.cache -
				Spring test ApplicationContext cache statistics: [DefaultContextCache@5f8d4b51 size = 1, maxSize = 32, parentContextCount = 0, hitCount = 76, missCount = 1]
2020-05-14 09:41:46.982 [main] DEBUG o.s.t.c.c.DefaultCacheAwareContextLoaderDelegate -
				Retrieved ApplicationContext from cache with key [[WebMergedContextConfiguration@5ec3689b testClass = LDAPTest, locations = '{}', classes = '{class nudt.web.AppServerApplication, class nudt.web.AppServerApplication}', contextInitializerClasses = '[]', activeProfiles = '{}', propertySourceLocations = '{}', propertySourceProperties = '{org.springframework.boot.test.context.SpringBootTestContextBootstrapper=true}', contextCustomizers = set[org.springframework.boot.test.context.SpringBootTestContextCustomizer@3b2c72c2, org.springframework.boot.test.context.filter.ExcludeFilterContextCustomizer@971d0d8, org.springframework.boot.test.json.DuplicateJsonObjectContextCustomizerFactory$DuplicateJsonObjectContextCustomizer@564718df, org.springframework.boot.test.mock.mockito.MockitoContextCustomizer@0, org.springframework.boot.test.autoconfigure.properties.PropertyMappingContextCustomizer@0, org.springframework.boot.test.autoconfigure.web.servlet.WebDriverContextCustomizerFactory$Customizer@5d47c63f], resourceBasePath = 'src/main/webapp', contextLoader = 'org.springframework.boot.test.context.SpringBootContextLoader', parent = [null]]]
2020-05-14 09:41:46.982 [main] DEBUG org.springframework.test.context.cache -
				Spring test ApplicationContext cache statistics: [DefaultContextCache@5f8d4b51 size = 1, maxSize = 32, parentContextCount = 0, hitCount = 77, missCount = 1]
2020-05-14 09:41:46.982 [main] DEBUG o.s.t.c.c.DefaultCacheAwareContextLoaderDelegate -
				Retrieved ApplicationContext from cache with key [[WebMergedContextConfiguration@5ec3689b testClass = LDAPTest, locations = '{}', classes = '{class nudt.web.AppServerApplication, class nudt.web.AppServerApplication}', contextInitializerClasses = '[]', activeProfiles = '{}', propertySourceLocations = '{}', propertySourceProperties = '{org.springframework.boot.test.context.SpringBootTestContextBootstrapper=true}', contextCustomizers = set[org.springframework.boot.test.context.SpringBootTestContextCustomizer@3b2c72c2, org.springframework.boot.test.context.filter.ExcludeFilterContextCustomizer@971d0d8, org.springframework.boot.test.json.DuplicateJsonObjectContextCustomizerFactory$DuplicateJsonObjectContextCustomizer@564718df, org.springframework.boot.test.mock.mockito.MockitoContextCustomizer@0, org.springframework.boot.test.autoconfigure.properties.PropertyMappingContextCustomizer@0, org.springframework.boot.test.autoconfigure.web.servlet.WebDriverContextCustomizerFactory$Customizer@5d47c63f], resourceBasePath = 'src/main/webapp', contextLoader = 'org.springframework.boot.test.context.SpringBootContextLoader', parent = [null]]]
2020-05-14 09:41:46.982 [main] DEBUG org.springframework.test.context.cache -
				Spring test ApplicationContext cache statistics: [DefaultContextCache@5f8d4b51 size = 1, maxSize = 32, parentContextCount = 0, hitCount = 78, missCount = 1]
2020-05-14 09:41:46.985 [main] DEBUG o.s.t.c.c.DefaultCacheAwareContextLoaderDelegate -
				Retrieved ApplicationContext from cache with key [[WebMergedContextConfiguration@5ec3689b testClass = LDAPTest, locations = '{}', classes = '{class nudt.web.AppServerApplication, class nudt.web.AppServerApplication}', contextInitializerClasses = '[]', activeProfiles = '{}', propertySourceLocations = '{}', propertySourceProperties = '{org.springframework.boot.test.context.SpringBootTestContextBootstrapper=true}', contextCustomizers = set[org.springframework.boot.test.context.SpringBootTestContextCustomizer@3b2c72c2, org.springframework.boot.test.context.filter.ExcludeFilterContextCustomizer@971d0d8, org.springframework.boot.test.json.DuplicateJsonObjectContextCustomizerFactory$DuplicateJsonObjectContextCustomizer@564718df, org.springframework.boot.test.mock.mockito.MockitoContextCustomizer@0, org.springframework.boot.test.autoconfigure.properties.PropertyMappingContextCustomizer@0, org.springframework.boot.test.autoconfigure.web.servlet.WebDriverContextCustomizerFactory$Customizer@5d47c63f], resourceBasePath = 'src/main/webapp', contextLoader = 'org.springframework.boot.test.context.SpringBootContextLoader', parent = [null]]]
2020-05-14 09:41:46.985 [main] DEBUG org.springframework.test.context.cache -
				Spring test ApplicationContext cache statistics: [DefaultContextCache@5f8d4b51 size = 1, maxSize = 32, parentContextCount = 0, hitCount = 79, missCount = 1]
2020-05-14 09:41:46.985 [main] DEBUG o.s.b.factory.support.DefaultListableBeanFactory -
				Returning cached instance of singleton bean 'org.springframework.boot.test.mock.mockito.MockitoBeans'
2020-05-14 09:41:46.985 [main] DEBUG o.s.t.c.s.AbstractDirtiesContextTestExecutionListener -
				After test method: context [DefaultTestContext@1ddc889b testClass = LDAPTest, testInstance = com.taoyuanx.test.LDAPTest@1a22c1ba, testMethod = Add@LDAPTest, testException = org.springframework.ldap.NameAlreadyBoundException: [LDAP: error code 68 - Entry Already Exists]; nested exception is javax.naming.NameAlreadyBoundException: [LDAP: error code 68 - Entry Already Exists]; remaining name 'cn=Aiden Ning,ou=xianyu', mergedContextConfiguration = [WebMergedContextConfiguration@5ec3689b testClass = LDAPTest, locations = '{}', classes = '{class nudt.web.AppServerApplication, class nudt.web.AppServerApplication}', contextInitializerClasses = '[]', activeProfiles = '{}', propertySourceLocations = '{}', propertySourceProperties = '{org.springframework.boot.test.context.SpringBootTestContextBootstrapper=true}', contextCustomizers = set[org.springframework.boot.test.context.SpringBootTestContextCustomizer@3b2c72c2, org.springframework.boot.test.context.filter.ExcludeFilterContextCustomizer@971d0d8, org.springframework.boot.test.json.DuplicateJsonObjectContextCustomizerFactory$DuplicateJsonObjectContextCustomizer@564718df, org.springframework.boot.test.mock.mockito.MockitoContextCustomizer@0, org.springframework.boot.test.autoconfigure.properties.PropertyMappingContextCustomizer@0, org.springframework.boot.test.autoconfigure.web.servlet.WebDriverContextCustomizerFactory$Customizer@5d47c63f], resourceBasePath = 'src/main/webapp', contextLoader = 'org.springframework.boot.test.context.SpringBootContextLoader', parent = [null]]], class annotated with @DirtiesContext [false] with mode [null], method annotated with @DirtiesContext [false] with mode [null].
2020-05-14 09:41:46.986 [main] DEBUG o.s.test.context.web.ServletTestExecutionListener -
				Resetting RequestContextHolder for test context [DefaultTestContext@1ddc889b testClass = LDAPTest, testInstance = com.taoyuanx.test.LDAPTest@1a22c1ba, testMethod = Add@LDAPTest, testException = org.springframework.ldap.NameAlreadyBoundException: [LDAP: error code 68 - Entry Already Exists]; nested exception is javax.naming.NameAlreadyBoundException: [LDAP: error code 68 - Entry Already Exists]; remaining name 'cn=Aiden Ning,ou=xianyu', mergedContextConfiguration = [WebMergedContextConfiguration@5ec3689b testClass = LDAPTest, locations = '{}', classes = '{class nudt.web.AppServerApplication, class nudt.web.AppServerApplication}', contextInitializerClasses = '[]', activeProfiles = '{}', propertySourceLocations = '{}', propertySourceProperties = '{org.springframework.boot.test.context.SpringBootTestContextBootstrapper=true}', contextCustomizers = set[org.springframework.boot.test.context.SpringBootTestContextCustomizer@3b2c72c2, org.springframework.boot.test.context.filter.ExcludeFilterContextCustomizer@971d0d8, org.springframework.boot.test.json.DuplicateJsonObjectContextCustomizerFactory$DuplicateJsonObjectContextCustomizer@564718df, org.springframework.boot.test.mock.mockito.MockitoContextCustomizer@0, org.springframework.boot.test.autoconfigure.properties.PropertyMappingContextCustomizer@0, org.springframework.boot.test.autoconfigure.web.servlet.WebDriverContextCustomizerFactory$Customizer@5d47c63f], resourceBasePath = 'src/main/webapp', contextLoader = 'org.springframework.boot.test.context.SpringBootContextLoader', parent = [null]]].
]]></system-out>
  </testcase>
  <testcase name="Add2" classname="com.taoyuanx.test.LDAPTest" time="0.031">
    <error message="[LDAP: error code 68 - Entry Already Exists]; nested exception is javax.naming.NameAlreadyBoundException: [LDAP: error code 68 - Entry Already Exists]; remaining name &apos;ou=Ant Forest,ou=taobao&apos;" type="org.springframework.ldap.NameAlreadyBoundException">org.springframework.ldap.NameAlreadyBoundException: [LDAP: error code 68 - Entry Already Exists]; nested exception is javax.naming.NameAlreadyBoundException: [LDAP: error code 68 - Entry Already Exists]; remaining name 'ou=Ant Forest,ou=taobao'
	at com.taoyuanx.test.LDAPTest.Add2(LDAPTest.java:273)
Caused by: javax.naming.NameAlreadyBoundException: [LDAP: error code 68 - Entry Already Exists]
	at com.taoyuanx.test.LDAPTest.Add2(LDAPTest.java:273)
</error>
    <system-out><![CDATA[2020-05-14 09:41:46.986 [main] DEBUG o.s.test.annotation.ProfileValueUtils -
				Retrieved @ProfileValueSourceConfiguration [null] for test class [com.taoyuanx.test.LDAPTest]
2020-05-14 09:41:46.986 [main] DEBUG o.s.test.annotation.ProfileValueUtils -
				Retrieved ProfileValueSource type [class org.springframework.test.annotation.SystemProfileValueSource] for class [com.taoyuanx.test.LDAPTest]
2020-05-14 09:41:46.987 [main] DEBUG o.s.t.c.c.DefaultCacheAwareContextLoaderDelegate -
				Retrieved ApplicationContext from cache with key [[WebMergedContextConfiguration@5ec3689b testClass = LDAPTest, locations = '{}', classes = '{class nudt.web.AppServerApplication, class nudt.web.AppServerApplication}', contextInitializerClasses = '[]', activeProfiles = '{}', propertySourceLocations = '{}', propertySourceProperties = '{org.springframework.boot.test.context.SpringBootTestContextBootstrapper=true}', contextCustomizers = set[org.springframework.boot.test.context.SpringBootTestContextCustomizer@3b2c72c2, org.springframework.boot.test.context.filter.ExcludeFilterContextCustomizer@971d0d8, org.springframework.boot.test.json.DuplicateJsonObjectContextCustomizerFactory$DuplicateJsonObjectContextCustomizer@564718df, org.springframework.boot.test.mock.mockito.MockitoContextCustomizer@0, org.springframework.boot.test.autoconfigure.properties.PropertyMappingContextCustomizer@0, org.springframework.boot.test.autoconfigure.web.servlet.WebDriverContextCustomizerFactory$Customizer@5d47c63f], resourceBasePath = 'src/main/webapp', contextLoader = 'org.springframework.boot.test.context.SpringBootContextLoader', parent = [null]]]
2020-05-14 09:41:46.987 [main] DEBUG org.springframework.test.context.cache -
				Spring test ApplicationContext cache statistics: [DefaultContextCache@5f8d4b51 size = 1, maxSize = 32, parentContextCount = 0, hitCount = 80, missCount = 1]
2020-05-14 09:41:46.987 [main] DEBUG o.s.test.context.web.ServletTestExecutionListener -
				Setting up MockHttpServletRequest, MockHttpServletResponse, ServletWebRequest, and RequestContextHolder for test context [DefaultTestContext@1ddc889b testClass = LDAPTest, testInstance = com.taoyuanx.test.LDAPTest@67372d20, testMethod = [null], testException = [null], mergedContextConfiguration = [WebMergedContextConfiguration@5ec3689b testClass = LDAPTest, locations = '{}', classes = '{class nudt.web.AppServerApplication, class nudt.web.AppServerApplication}', contextInitializerClasses = '[]', activeProfiles = '{}', propertySourceLocations = '{}', propertySourceProperties = '{org.springframework.boot.test.context.SpringBootTestContextBootstrapper=true}', contextCustomizers = set[org.springframework.boot.test.context.SpringBootTestContextCustomizer@3b2c72c2, org.springframework.boot.test.context.filter.ExcludeFilterContextCustomizer@971d0d8, org.springframework.boot.test.json.DuplicateJsonObjectContextCustomizerFactory$DuplicateJsonObjectContextCustomizer@564718df, org.springframework.boot.test.mock.mockito.MockitoContextCustomizer@0, org.springframework.boot.test.autoconfigure.properties.PropertyMappingContextCustomizer@0, org.springframework.boot.test.autoconfigure.web.servlet.WebDriverContextCustomizerFactory$Customizer@5d47c63f], resourceBasePath = 'src/main/webapp', contextLoader = 'org.springframework.boot.test.context.SpringBootContextLoader', parent = [null]]].
2020-05-14 09:41:46.987 [main] DEBUG o.s.t.c.s.DependencyInjectionTestExecutionListener -
				Performing dependency injection for test context [[DefaultTestContext@1ddc889b testClass = LDAPTest, testInstance = com.taoyuanx.test.LDAPTest@67372d20, testMethod = [null], testException = [null], mergedContextConfiguration = [WebMergedContextConfiguration@5ec3689b testClass = LDAPTest, locations = '{}', classes = '{class nudt.web.AppServerApplication, class nudt.web.AppServerApplication}', contextInitializerClasses = '[]', activeProfiles = '{}', propertySourceLocations = '{}', propertySourceProperties = '{org.springframework.boot.test.context.SpringBootTestContextBootstrapper=true}', contextCustomizers = set[org.springframework.boot.test.context.SpringBootTestContextCustomizer@3b2c72c2, org.springframework.boot.test.context.filter.ExcludeFilterContextCustomizer@971d0d8, org.springframework.boot.test.json.DuplicateJsonObjectContextCustomizerFactory$DuplicateJsonObjectContextCustomizer@564718df, org.springframework.boot.test.mock.mockito.MockitoContextCustomizer@0, org.springframework.boot.test.autoconfigure.properties.PropertyMappingContextCustomizer@0, org.springframework.boot.test.autoconfigure.web.servlet.WebDriverContextCustomizerFactory$Customizer@5d47c63f], resourceBasePath = 'src/main/webapp', contextLoader = 'org.springframework.boot.test.context.SpringBootContextLoader', parent = [null]]]].
2020-05-14 09:41:46.987 [main] DEBUG o.s.t.c.c.DefaultCacheAwareContextLoaderDelegate -
				Retrieved ApplicationContext from cache with key [[WebMergedContextConfiguration@5ec3689b testClass = LDAPTest, locations = '{}', classes = '{class nudt.web.AppServerApplication, class nudt.web.AppServerApplication}', contextInitializerClasses = '[]', activeProfiles = '{}', propertySourceLocations = '{}', propertySourceProperties = '{org.springframework.boot.test.context.SpringBootTestContextBootstrapper=true}', contextCustomizers = set[org.springframework.boot.test.context.SpringBootTestContextCustomizer@3b2c72c2, org.springframework.boot.test.context.filter.ExcludeFilterContextCustomizer@971d0d8, org.springframework.boot.test.json.DuplicateJsonObjectContextCustomizerFactory$DuplicateJsonObjectContextCustomizer@564718df, org.springframework.boot.test.mock.mockito.MockitoContextCustomizer@0, org.springframework.boot.test.autoconfigure.properties.PropertyMappingContextCustomizer@0, org.springframework.boot.test.autoconfigure.web.servlet.WebDriverContextCustomizerFactory$Customizer@5d47c63f], resourceBasePath = 'src/main/webapp', contextLoader = 'org.springframework.boot.test.context.SpringBootContextLoader', parent = [null]]]
2020-05-14 09:41:46.987 [main] DEBUG org.springframework.test.context.cache -
				Spring test ApplicationContext cache statistics: [DefaultContextCache@5f8d4b51 size = 1, maxSize = 32, parentContextCount = 0, hitCount = 81, missCount = 1]
2020-05-14 09:41:46.988 [main] DEBUG o.s.beans.factory.annotation.InjectionMetadata -
				Processing injected element of bean 'com.taoyuanx.test.LDAPTest': AutowiredFieldElement for org.springframework.context.ApplicationContext com.taoyuanx.test.LDAPTest.ioc
2020-05-14 09:41:46.988 [main] DEBUG o.s.beans.factory.annotation.InjectionMetadata -
				Processing injected element of bean 'com.taoyuanx.test.LDAPTest': AutowiredFieldElement for org.springframework.ldap.core.LdapTemplate com.taoyuanx.test.LDAPTest.ldapTemplate
2020-05-14 09:41:46.988 [main] DEBUG o.s.b.factory.support.DefaultListableBeanFactory -
				Returning cached instance of singleton bean 'ldapTemplate'
2020-05-14 09:41:46.988 [main] DEBUG o.s.beans.factory.annotation.InjectionMetadata -
				Processing injected element of bean 'com.taoyuanx.test.LDAPTest': AutowiredFieldElement for nudt.web.service.CertService com.taoyuanx.test.LDAPTest.certService
2020-05-14 09:41:46.988 [main] DEBUG o.s.b.factory.support.DefaultListableBeanFactory -
				Returning cached instance of singleton bean 'certServiceImpl'
2020-05-14 09:41:46.988 [main] DEBUG o.s.t.c.s.AbstractDirtiesContextTestExecutionListener -
				Before test method: context [DefaultTestContext@1ddc889b testClass = LDAPTest, testInstance = com.taoyuanx.test.LDAPTest@67372d20, testMethod = Add2@LDAPTest, testException = [null], mergedContextConfiguration = [WebMergedContextConfiguration@5ec3689b testClass = LDAPTest, locations = '{}', classes = '{class nudt.web.AppServerApplication, class nudt.web.AppServerApplication}', contextInitializerClasses = '[]', activeProfiles = '{}', propertySourceLocations = '{}', propertySourceProperties = '{org.springframework.boot.test.context.SpringBootTestContextBootstrapper=true}', contextCustomizers = set[org.springframework.boot.test.context.SpringBootTestContextCustomizer@3b2c72c2, org.springframework.boot.test.context.filter.ExcludeFilterContextCustomizer@971d0d8, org.springframework.boot.test.json.DuplicateJsonObjectContextCustomizerFactory$DuplicateJsonObjectContextCustomizer@564718df, org.springframework.boot.test.mock.mockito.MockitoContextCustomizer@0, org.springframework.boot.test.autoconfigure.properties.PropertyMappingContextCustomizer@0, org.springframework.boot.test.autoconfigure.web.servlet.WebDriverContextCustomizerFactory$Customizer@5d47c63f], resourceBasePath = 'src/main/webapp', contextLoader = 'org.springframework.boot.test.context.SpringBootContextLoader', parent = [null]]], class annotated with @DirtiesContext [false] with mode [null], method annotated with @DirtiesContext [false] with mode [null].
2020-05-14 09:41:46.989 [main] DEBUG o.s.t.c.c.DefaultCacheAwareContextLoaderDelegate -
				Retrieved ApplicationContext from cache with key [[WebMergedContextConfiguration@5ec3689b testClass = LDAPTest, locations = '{}', classes = '{class nudt.web.AppServerApplication, class nudt.web.AppServerApplication}', contextInitializerClasses = '[]', activeProfiles = '{}', propertySourceLocations = '{}', propertySourceProperties = '{org.springframework.boot.test.context.SpringBootTestContextBootstrapper=true}', contextCustomizers = set[org.springframework.boot.test.context.SpringBootTestContextCustomizer@3b2c72c2, org.springframework.boot.test.context.filter.ExcludeFilterContextCustomizer@971d0d8, org.springframework.boot.test.json.DuplicateJsonObjectContextCustomizerFactory$DuplicateJsonObjectContextCustomizer@564718df, org.springframework.boot.test.mock.mockito.MockitoContextCustomizer@0, org.springframework.boot.test.autoconfigure.properties.PropertyMappingContextCustomizer@0, org.springframework.boot.test.autoconfigure.web.servlet.WebDriverContextCustomizerFactory$Customizer@5d47c63f], resourceBasePath = 'src/main/webapp', contextLoader = 'org.springframework.boot.test.context.SpringBootContextLoader', parent = [null]]]
2020-05-14 09:41:46.989 [main] DEBUG org.springframework.test.context.cache -
				Spring test ApplicationContext cache statistics: [DefaultContextCache@5f8d4b51 size = 1, maxSize = 32, parentContextCount = 0, hitCount = 82, missCount = 1]
2020-05-14 09:41:46.989 [main] DEBUG o.s.b.factory.support.DefaultListableBeanFactory -
				Returning cached instance of singleton bean 'org.springframework.boot.test.mock.mockito.MockitoBeans'
2020-05-14 09:41:46.993 [main] DEBUG o.s.ldap.core.support.AbstractContextSource -
				Got Ldap context on server 'ldap://172.20.10.9:389/dc=zfc,dc=com'
2020-05-14 09:41:46.995 [main] DEBUG o.s.t.c.c.DefaultCacheAwareContextLoaderDelegate -
				Retrieved ApplicationContext from cache with key [[WebMergedContextConfiguration@5ec3689b testClass = LDAPTest, locations = '{}', classes = '{class nudt.web.AppServerApplication, class nudt.web.AppServerApplication}', contextInitializerClasses = '[]', activeProfiles = '{}', propertySourceLocations = '{}', propertySourceProperties = '{org.springframework.boot.test.context.SpringBootTestContextBootstrapper=true}', contextCustomizers = set[org.springframework.boot.test.context.SpringBootTestContextCustomizer@3b2c72c2, org.springframework.boot.test.context.filter.ExcludeFilterContextCustomizer@971d0d8, org.springframework.boot.test.json.DuplicateJsonObjectContextCustomizerFactory$DuplicateJsonObjectContextCustomizer@564718df, org.springframework.boot.test.mock.mockito.MockitoContextCustomizer@0, org.springframework.boot.test.autoconfigure.properties.PropertyMappingContextCustomizer@0, org.springframework.boot.test.autoconfigure.web.servlet.WebDriverContextCustomizerFactory$Customizer@5d47c63f], resourceBasePath = 'src/main/webapp', contextLoader = 'org.springframework.boot.test.context.SpringBootContextLoader', parent = [null]]]
2020-05-14 09:41:46.995 [main] DEBUG org.springframework.test.context.cache -
				Spring test ApplicationContext cache statistics: [DefaultContextCache@5f8d4b51 size = 1, maxSize = 32, parentContextCount = 0, hitCount = 83, missCount = 1]
2020-05-14 09:41:46.996 [main] DEBUG o.s.t.c.c.DefaultCacheAwareContextLoaderDelegate -
				Retrieved ApplicationContext from cache with key [[WebMergedContextConfiguration@5ec3689b testClass = LDAPTest, locations = '{}', classes = '{class nudt.web.AppServerApplication, class nudt.web.AppServerApplication}', contextInitializerClasses = '[]', activeProfiles = '{}', propertySourceLocations = '{}', propertySourceProperties = '{org.springframework.boot.test.context.SpringBootTestContextBootstrapper=true}', contextCustomizers = set[org.springframework.boot.test.context.SpringBootTestContextCustomizer@3b2c72c2, org.springframework.boot.test.context.filter.ExcludeFilterContextCustomizer@971d0d8, org.springframework.boot.test.json.DuplicateJsonObjectContextCustomizerFactory$DuplicateJsonObjectContextCustomizer@564718df, org.springframework.boot.test.mock.mockito.MockitoContextCustomizer@0, org.springframework.boot.test.autoconfigure.properties.PropertyMappingContextCustomizer@0, org.springframework.boot.test.autoconfigure.web.servlet.WebDriverContextCustomizerFactory$Customizer@5d47c63f], resourceBasePath = 'src/main/webapp', contextLoader = 'org.springframework.boot.test.context.SpringBootContextLoader', parent = [null]]]
2020-05-14 09:41:46.996 [main] DEBUG org.springframework.test.context.cache -
				Spring test ApplicationContext cache statistics: [DefaultContextCache@5f8d4b51 size = 1, maxSize = 32, parentContextCount = 0, hitCount = 84, missCount = 1]
2020-05-14 09:41:46.996 [main] DEBUG o.s.t.c.c.DefaultCacheAwareContextLoaderDelegate -
				Retrieved ApplicationContext from cache with key [[WebMergedContextConfiguration@5ec3689b testClass = LDAPTest, locations = '{}', classes = '{class nudt.web.AppServerApplication, class nudt.web.AppServerApplication}', contextInitializerClasses = '[]', activeProfiles = '{}', propertySourceLocations = '{}', propertySourceProperties = '{org.springframework.boot.test.context.SpringBootTestContextBootstrapper=true}', contextCustomizers = set[org.springframework.boot.test.context.SpringBootTestContextCustomizer@3b2c72c2, org.springframework.boot.test.context.filter.ExcludeFilterContextCustomizer@971d0d8, org.springframework.boot.test.json.DuplicateJsonObjectContextCustomizerFactory$DuplicateJsonObjectContextCustomizer@564718df, org.springframework.boot.test.mock.mockito.MockitoContextCustomizer@0, org.springframework.boot.test.autoconfigure.properties.PropertyMappingContextCustomizer@0, org.springframework.boot.test.autoconfigure.web.servlet.WebDriverContextCustomizerFactory$Customizer@5d47c63f], resourceBasePath = 'src/main/webapp', contextLoader = 'org.springframework.boot.test.context.SpringBootContextLoader', parent = [null]]]
2020-05-14 09:41:46.996 [main] DEBUG org.springframework.test.context.cache -
				Spring test ApplicationContext cache statistics: [DefaultContextCache@5f8d4b51 size = 1, maxSize = 32, parentContextCount = 0, hitCount = 85, missCount = 1]
2020-05-14 09:41:46.998 [main] DEBUG o.s.t.c.c.DefaultCacheAwareContextLoaderDelegate -
				Retrieved ApplicationContext from cache with key [[WebMergedContextConfiguration@5ec3689b testClass = LDAPTest, locations = '{}', classes = '{class nudt.web.AppServerApplication, class nudt.web.AppServerApplication}', contextInitializerClasses = '[]', activeProfiles = '{}', propertySourceLocations = '{}', propertySourceProperties = '{org.springframework.boot.test.context.SpringBootTestContextBootstrapper=true}', contextCustomizers = set[org.springframework.boot.test.context.SpringBootTestContextCustomizer@3b2c72c2, org.springframework.boot.test.context.filter.ExcludeFilterContextCustomizer@971d0d8, org.springframework.boot.test.json.DuplicateJsonObjectContextCustomizerFactory$DuplicateJsonObjectContextCustomizer@564718df, org.springframework.boot.test.mock.mockito.MockitoContextCustomizer@0, org.springframework.boot.test.autoconfigure.properties.PropertyMappingContextCustomizer@0, org.springframework.boot.test.autoconfigure.web.servlet.WebDriverContextCustomizerFactory$Customizer@5d47c63f], resourceBasePath = 'src/main/webapp', contextLoader = 'org.springframework.boot.test.context.SpringBootContextLoader', parent = [null]]]
2020-05-14 09:41:46.998 [main] DEBUG org.springframework.test.context.cache -
				Spring test ApplicationContext cache statistics: [DefaultContextCache@5f8d4b51 size = 1, maxSize = 32, parentContextCount = 0, hitCount = 86, missCount = 1]
2020-05-14 09:41:46.999 [main] DEBUG o.s.b.factory.support.DefaultListableBeanFactory -
				Returning cached instance of singleton bean 'org.springframework.boot.test.mock.mockito.MockitoBeans'
2020-05-14 09:41:46.999 [main] DEBUG o.s.t.c.s.AbstractDirtiesContextTestExecutionListener -
				After test method: context [DefaultTestContext@1ddc889b testClass = LDAPTest, testInstance = com.taoyuanx.test.LDAPTest@67372d20, testMethod = Add2@LDAPTest, testException = org.springframework.ldap.NameAlreadyBoundException: [LDAP: error code 68 - Entry Already Exists]; nested exception is javax.naming.NameAlreadyBoundException: [LDAP: error code 68 - Entry Already Exists]; remaining name 'ou=Ant Forest,ou=taobao', mergedContextConfiguration = [WebMergedContextConfiguration@5ec3689b testClass = LDAPTest, locations = '{}', classes = '{class nudt.web.AppServerApplication, class nudt.web.AppServerApplication}', contextInitializerClasses = '[]', activeProfiles = '{}', propertySourceLocations = '{}', propertySourceProperties = '{org.springframework.boot.test.context.SpringBootTestContextBootstrapper=true}', contextCustomizers = set[org.springframework.boot.test.context.SpringBootTestContextCustomizer@3b2c72c2, org.springframework.boot.test.context.filter.ExcludeFilterContextCustomizer@971d0d8, org.springframework.boot.test.json.DuplicateJsonObjectContextCustomizerFactory$DuplicateJsonObjectContextCustomizer@564718df, org.springframework.boot.test.mock.mockito.MockitoContextCustomizer@0, org.springframework.boot.test.autoconfigure.properties.PropertyMappingContextCustomizer@0, org.springframework.boot.test.autoconfigure.web.servlet.WebDriverContextCustomizerFactory$Customizer@5d47c63f], resourceBasePath = 'src/main/webapp', contextLoader = 'org.springframework.boot.test.context.SpringBootContextLoader', parent = [null]]], class annotated with @DirtiesContext [false] with mode [null], method annotated with @DirtiesContext [false] with mode [null].
2020-05-14 09:41:46.999 [main] DEBUG o.s.test.context.web.ServletTestExecutionListener -
				Resetting RequestContextHolder for test context [DefaultTestContext@1ddc889b testClass = LDAPTest, testInstance = com.taoyuanx.test.LDAPTest@67372d20, testMethod = Add2@LDAPTest, testException = org.springframework.ldap.NameAlreadyBoundException: [LDAP: error code 68 - Entry Already Exists]; nested exception is javax.naming.NameAlreadyBoundException: [LDAP: error code 68 - Entry Already Exists]; remaining name 'ou=Ant Forest,ou=taobao', mergedContextConfiguration = [WebMergedContextConfiguration@5ec3689b testClass = LDAPTest, locations = '{}', classes = '{class nudt.web.AppServerApplication, class nudt.web.AppServerApplication}', contextInitializerClasses = '[]', activeProfiles = '{}', propertySourceLocations = '{}', propertySourceProperties = '{org.springframework.boot.test.context.SpringBootTestContextBootstrapper=true}', contextCustomizers = set[org.springframework.boot.test.context.SpringBootTestContextCustomizer@3b2c72c2, org.springframework.boot.test.context.filter.ExcludeFilterContextCustomizer@971d0d8, org.springframework.boot.test.json.DuplicateJsonObjectContextCustomizerFactory$DuplicateJsonObjectContextCustomizer@564718df, org.springframework.boot.test.mock.mockito.MockitoContextCustomizer@0, org.springframework.boot.test.autoconfigure.properties.PropertyMappingContextCustomizer@0, org.springframework.boot.test.autoconfigure.web.servlet.WebDriverContextCustomizerFactory$Customizer@5d47c63f], resourceBasePath = 'src/main/webapp', contextLoader = 'org.springframework.boot.test.context.SpringBootContextLoader', parent = [null]]].
]]></system-out>
  </testcase>
  <testcase name="testConnect" classname="com.taoyuanx.test.LDAPTest" time="0.028"/>
  <testcase name="testUnBind" classname="com.taoyuanx.test.LDAPTest" time="0.047"/>
  <testcase name="findByPrimaryKey" classname="com.taoyuanx.test.LDAPTest" time="0.037">
    <error message="[LDAP: error code 32 - No Such Object]; nested exception is javax.naming.NameNotFoundException: [LDAP: error code 32 - No Such Object]; remaining name &apos;ou=Ant Forest,ou=taobao&apos;" type="org.springframework.ldap.NameNotFoundException">org.springframework.ldap.NameNotFoundException: [LDAP: error code 32 - No Such Object]; nested exception is javax.naming.NameNotFoundException: [LDAP: error code 32 - No Such Object]; remaining name 'ou=Ant Forest,ou=taobao'
	at com.taoyuanx.test.LDAPTest.findByPrimaryKey(LDAPTest.java:324)
Caused by: javax.naming.NameNotFoundException: [LDAP: error code 32 - No Such Object]
	at com.taoyuanx.test.LDAPTest.findByPrimaryKey(LDAPTest.java:324)
</error>
    <system-out><![CDATA[2020-05-14 09:41:47.021 [main] DEBUG o.s.test.annotation.ProfileValueUtils -
				Retrieved @ProfileValueSourceConfiguration [null] for test class [com.taoyuanx.test.LDAPTest]
2020-05-14 09:41:47.021 [main] DEBUG o.s.test.annotation.ProfileValueUtils -
				Retrieved ProfileValueSource type [class org.springframework.test.annotation.SystemProfileValueSource] for class [com.taoyuanx.test.LDAPTest]
2020-05-14 09:41:47.022 [main] DEBUG o.s.t.c.c.DefaultCacheAwareContextLoaderDelegate -
				Retrieved ApplicationContext from cache with key [[WebMergedContextConfiguration@5ec3689b testClass = LDAPTest, locations = '{}', classes = '{class nudt.web.AppServerApplication, class nudt.web.AppServerApplication}', contextInitializerClasses = '[]', activeProfiles = '{}', propertySourceLocations = '{}', propertySourceProperties = '{org.springframework.boot.test.context.SpringBootTestContextBootstrapper=true}', contextCustomizers = set[org.springframework.boot.test.context.SpringBootTestContextCustomizer@3b2c72c2, org.springframework.boot.test.context.filter.ExcludeFilterContextCustomizer@971d0d8, org.springframework.boot.test.json.DuplicateJsonObjectContextCustomizerFactory$DuplicateJsonObjectContextCustomizer@564718df, org.springframework.boot.test.mock.mockito.MockitoContextCustomizer@0, org.springframework.boot.test.autoconfigure.properties.PropertyMappingContextCustomizer@0, org.springframework.boot.test.autoconfigure.web.servlet.WebDriverContextCustomizerFactory$Customizer@5d47c63f], resourceBasePath = 'src/main/webapp', contextLoader = 'org.springframework.boot.test.context.SpringBootContextLoader', parent = [null]]]
2020-05-14 09:41:47.022 [main] DEBUG org.springframework.test.context.cache -
				Spring test ApplicationContext cache statistics: [DefaultContextCache@5f8d4b51 size = 1, maxSize = 32, parentContextCount = 0, hitCount = 99, missCount = 1]
2020-05-14 09:41:47.022 [main] DEBUG o.s.test.context.web.ServletTestExecutionListener -
				Setting up MockHttpServletRequest, MockHttpServletResponse, ServletWebRequest, and RequestContextHolder for test context [DefaultTestContext@1ddc889b testClass = LDAPTest, testInstance = com.taoyuanx.test.LDAPTest@14d513ca, testMethod = [null], testException = [null], mergedContextConfiguration = [WebMergedContextConfiguration@5ec3689b testClass = LDAPTest, locations = '{}', classes = '{class nudt.web.AppServerApplication, class nudt.web.AppServerApplication}', contextInitializerClasses = '[]', activeProfiles = '{}', propertySourceLocations = '{}', propertySourceProperties = '{org.springframework.boot.test.context.SpringBootTestContextBootstrapper=true}', contextCustomizers = set[org.springframework.boot.test.context.SpringBootTestContextCustomizer@3b2c72c2, org.springframework.boot.test.context.filter.ExcludeFilterContextCustomizer@971d0d8, org.springframework.boot.test.json.DuplicateJsonObjectContextCustomizerFactory$DuplicateJsonObjectContextCustomizer@564718df, org.springframework.boot.test.mock.mockito.MockitoContextCustomizer@0, org.springframework.boot.test.autoconfigure.properties.PropertyMappingContextCustomizer@0, org.springframework.boot.test.autoconfigure.web.servlet.WebDriverContextCustomizerFactory$Customizer@5d47c63f], resourceBasePath = 'src/main/webapp', contextLoader = 'org.springframework.boot.test.context.SpringBootContextLoader', parent = [null]]].
2020-05-14 09:41:47.022 [main] DEBUG o.s.t.c.s.DependencyInjectionTestExecutionListener -
				Performing dependency injection for test context [[DefaultTestContext@1ddc889b testClass = LDAPTest, testInstance = com.taoyuanx.test.LDAPTest@14d513ca, testMethod = [null], testException = [null], mergedContextConfiguration = [WebMergedContextConfiguration@5ec3689b testClass = LDAPTest, locations = '{}', classes = '{class nudt.web.AppServerApplication, class nudt.web.AppServerApplication}', contextInitializerClasses = '[]', activeProfiles = '{}', propertySourceLocations = '{}', propertySourceProperties = '{org.springframework.boot.test.context.SpringBootTestContextBootstrapper=true}', contextCustomizers = set[org.springframework.boot.test.context.SpringBootTestContextCustomizer@3b2c72c2, org.springframework.boot.test.context.filter.ExcludeFilterContextCustomizer@971d0d8, org.springframework.boot.test.json.DuplicateJsonObjectContextCustomizerFactory$DuplicateJsonObjectContextCustomizer@564718df, org.springframework.boot.test.mock.mockito.MockitoContextCustomizer@0, org.springframework.boot.test.autoconfigure.properties.PropertyMappingContextCustomizer@0, org.springframework.boot.test.autoconfigure.web.servlet.WebDriverContextCustomizerFactory$Customizer@5d47c63f], resourceBasePath = 'src/main/webapp', contextLoader = 'org.springframework.boot.test.context.SpringBootContextLoader', parent = [null]]]].
2020-05-14 09:41:47.022 [main] DEBUG o.s.t.c.c.DefaultCacheAwareContextLoaderDelegate -
				Retrieved ApplicationContext from cache with key [[WebMergedContextConfiguration@5ec3689b testClass = LDAPTest, locations = '{}', classes = '{class nudt.web.AppServerApplication, class nudt.web.AppServerApplication}', contextInitializerClasses = '[]', activeProfiles = '{}', propertySourceLocations = '{}', propertySourceProperties = '{org.springframework.boot.test.context.SpringBootTestContextBootstrapper=true}', contextCustomizers = set[org.springframework.boot.test.context.SpringBootTestContextCustomizer@3b2c72c2, org.springframework.boot.test.context.filter.ExcludeFilterContextCustomizer@971d0d8, org.springframework.boot.test.json.DuplicateJsonObjectContextCustomizerFactory$DuplicateJsonObjectContextCustomizer@564718df, org.springframework.boot.test.mock.mockito.MockitoContextCustomizer@0, org.springframework.boot.test.autoconfigure.properties.PropertyMappingContextCustomizer@0, org.springframework.boot.test.autoconfigure.web.servlet.WebDriverContextCustomizerFactory$Customizer@5d47c63f], resourceBasePath = 'src/main/webapp', contextLoader = 'org.springframework.boot.test.context.SpringBootContextLoader', parent = [null]]]
2020-05-14 09:41:47.022 [main] DEBUG org.springframework.test.context.cache -
				Spring test ApplicationContext cache statistics: [DefaultContextCache@5f8d4b51 size = 1, maxSize = 32, parentContextCount = 0, hitCount = 100, missCount = 1]
2020-05-14 09:41:47.022 [main] DEBUG o.s.beans.factory.annotation.InjectionMetadata -
				Processing injected element of bean 'com.taoyuanx.test.LDAPTest': AutowiredFieldElement for org.springframework.context.ApplicationContext com.taoyuanx.test.LDAPTest.ioc
2020-05-14 09:41:47.022 [main] DEBUG o.s.beans.factory.annotation.InjectionMetadata -
				Processing injected element of bean 'com.taoyuanx.test.LDAPTest': AutowiredFieldElement for org.springframework.ldap.core.LdapTemplate com.taoyuanx.test.LDAPTest.ldapTemplate
2020-05-14 09:41:47.022 [main] DEBUG o.s.b.factory.support.DefaultListableBeanFactory -
				Returning cached instance of singleton bean 'ldapTemplate'
2020-05-14 09:41:47.022 [main] DEBUG o.s.beans.factory.annotation.InjectionMetadata -
				Processing injected element of bean 'com.taoyuanx.test.LDAPTest': AutowiredFieldElement for nudt.web.service.CertService com.taoyuanx.test.LDAPTest.certService
2020-05-14 09:41:47.022 [main] DEBUG o.s.b.factory.support.DefaultListableBeanFactory -
				Returning cached instance of singleton bean 'certServiceImpl'
2020-05-14 09:41:47.023 [main] DEBUG o.s.t.c.s.AbstractDirtiesContextTestExecutionListener -
				Before test method: context [DefaultTestContext@1ddc889b testClass = LDAPTest, testInstance = com.taoyuanx.test.LDAPTest@14d513ca, testMethod = findByPrimaryKey@LDAPTest, testException = [null], mergedContextConfiguration = [WebMergedContextConfiguration@5ec3689b testClass = LDAPTest, locations = '{}', classes = '{class nudt.web.AppServerApplication, class nudt.web.AppServerApplication}', contextInitializerClasses = '[]', activeProfiles = '{}', propertySourceLocations = '{}', propertySourceProperties = '{org.springframework.boot.test.context.SpringBootTestContextBootstrapper=true}', contextCustomizers = set[org.springframework.boot.test.context.SpringBootTestContextCustomizer@3b2c72c2, org.springframework.boot.test.context.filter.ExcludeFilterContextCustomizer@971d0d8, org.springframework.boot.test.json.DuplicateJsonObjectContextCustomizerFactory$DuplicateJsonObjectContextCustomizer@564718df, org.springframework.boot.test.mock.mockito.MockitoContextCustomizer@0, org.springframework.boot.test.autoconfigure.properties.PropertyMappingContextCustomizer@0, org.springframework.boot.test.autoconfigure.web.servlet.WebDriverContextCustomizerFactory$Customizer@5d47c63f], resourceBasePath = 'src/main/webapp', contextLoader = 'org.springframework.boot.test.context.SpringBootContextLoader', parent = [null]]], class annotated with @DirtiesContext [false] with mode [null], method annotated with @DirtiesContext [false] with mode [null].
2020-05-14 09:41:47.023 [main] DEBUG o.s.t.c.c.DefaultCacheAwareContextLoaderDelegate -
				Retrieved ApplicationContext from cache with key [[WebMergedContextConfiguration@5ec3689b testClass = LDAPTest, locations = '{}', classes = '{class nudt.web.AppServerApplication, class nudt.web.AppServerApplication}', contextInitializerClasses = '[]', activeProfiles = '{}', propertySourceLocations = '{}', propertySourceProperties = '{org.springframework.boot.test.context.SpringBootTestContextBootstrapper=true}', contextCustomizers = set[org.springframework.boot.test.context.SpringBootTestContextCustomizer@3b2c72c2, org.springframework.boot.test.context.filter.ExcludeFilterContextCustomizer@971d0d8, org.springframework.boot.test.json.DuplicateJsonObjectContextCustomizerFactory$DuplicateJsonObjectContextCustomizer@564718df, org.springframework.boot.test.mock.mockito.MockitoContextCustomizer@0, org.springframework.boot.test.autoconfigure.properties.PropertyMappingContextCustomizer@0, org.springframework.boot.test.autoconfigure.web.servlet.WebDriverContextCustomizerFactory$Customizer@5d47c63f], resourceBasePath = 'src/main/webapp', contextLoader = 'org.springframework.boot.test.context.SpringBootContextLoader', parent = [null]]]
2020-05-14 09:41:47.023 [main] DEBUG org.springframework.test.context.cache -
				Spring test ApplicationContext cache statistics: [DefaultContextCache@5f8d4b51 size = 1, maxSize = 32, parentContextCount = 0, hitCount = 101, missCount = 1]
2020-05-14 09:41:47.024 [main] DEBUG o.s.b.factory.support.DefaultListableBeanFactory -
				Returning cached instance of singleton bean 'org.springframework.boot.test.mock.mockito.MockitoBeans'
2020-05-14 09:41:47.051 [main] DEBUG o.s.ldap.core.support.AbstractContextSource -
				Got Ldap context on server 'ldap://172.20.10.9:389/dc=zfc,dc=com'
2020-05-14 09:41:47.054 [main] DEBUG o.s.t.c.c.DefaultCacheAwareContextLoaderDelegate -
				Retrieved ApplicationContext from cache with key [[WebMergedContextConfiguration@5ec3689b testClass = LDAPTest, locations = '{}', classes = '{class nudt.web.AppServerApplication, class nudt.web.AppServerApplication}', contextInitializerClasses = '[]', activeProfiles = '{}', propertySourceLocations = '{}', propertySourceProperties = '{org.springframework.boot.test.context.SpringBootTestContextBootstrapper=true}', contextCustomizers = set[org.springframework.boot.test.context.SpringBootTestContextCustomizer@3b2c72c2, org.springframework.boot.test.context.filter.ExcludeFilterContextCustomizer@971d0d8, org.springframework.boot.test.json.DuplicateJsonObjectContextCustomizerFactory$DuplicateJsonObjectContextCustomizer@564718df, org.springframework.boot.test.mock.mockito.MockitoContextCustomizer@0, org.springframework.boot.test.autoconfigure.properties.PropertyMappingContextCustomizer@0, org.springframework.boot.test.autoconfigure.web.servlet.WebDriverContextCustomizerFactory$Customizer@5d47c63f], resourceBasePath = 'src/main/webapp', contextLoader = 'org.springframework.boot.test.context.SpringBootContextLoader', parent = [null]]]
2020-05-14 09:41:47.054 [main] DEBUG org.springframework.test.context.cache -
				Spring test ApplicationContext cache statistics: [DefaultContextCache@5f8d4b51 size = 1, maxSize = 32, parentContextCount = 0, hitCount = 102, missCount = 1]
2020-05-14 09:41:47.054 [main] DEBUG o.s.t.c.c.DefaultCacheAwareContextLoaderDelegate -
				Retrieved ApplicationContext from cache with key [[WebMergedContextConfiguration@5ec3689b testClass = LDAPTest, locations = '{}', classes = '{class nudt.web.AppServerApplication, class nudt.web.AppServerApplication}', contextInitializerClasses = '[]', activeProfiles = '{}', propertySourceLocations = '{}', propertySourceProperties = '{org.springframework.boot.test.context.SpringBootTestContextBootstrapper=true}', contextCustomizers = set[org.springframework.boot.test.context.SpringBootTestContextCustomizer@3b2c72c2, org.springframework.boot.test.context.filter.ExcludeFilterContextCustomizer@971d0d8, org.springframework.boot.test.json.DuplicateJsonObjectContextCustomizerFactory$DuplicateJsonObjectContextCustomizer@564718df, org.springframework.boot.test.mock.mockito.MockitoContextCustomizer@0, org.springframework.boot.test.autoconfigure.properties.PropertyMappingContextCustomizer@0, org.springframework.boot.test.autoconfigure.web.servlet.WebDriverContextCustomizerFactory$Customizer@5d47c63f], resourceBasePath = 'src/main/webapp', contextLoader = 'org.springframework.boot.test.context.SpringBootContextLoader', parent = [null]]]
2020-05-14 09:41:47.054 [main] DEBUG org.springframework.test.context.cache -
				Spring test ApplicationContext cache statistics: [DefaultContextCache@5f8d4b51 size = 1, maxSize = 32, parentContextCount = 0, hitCount = 103, missCount = 1]
2020-05-14 09:41:47.055 [main] DEBUG o.s.t.c.c.DefaultCacheAwareContextLoaderDelegate -
				Retrieved ApplicationContext from cache with key [[WebMergedContextConfiguration@5ec3689b testClass = LDAPTest, locations = '{}', classes = '{class nudt.web.AppServerApplication, class nudt.web.AppServerApplication}', contextInitializerClasses = '[]', activeProfiles = '{}', propertySourceLocations = '{}', propertySourceProperties = '{org.springframework.boot.test.context.SpringBootTestContextBootstrapper=true}', contextCustomizers = set[org.springframework.boot.test.context.SpringBootTestContextCustomizer@3b2c72c2, org.springframework.boot.test.context.filter.ExcludeFilterContextCustomizer@971d0d8, org.springframework.boot.test.json.DuplicateJsonObjectContextCustomizerFactory$DuplicateJsonObjectContextCustomizer@564718df, org.springframework.boot.test.mock.mockito.MockitoContextCustomizer@0, org.springframework.boot.test.autoconfigure.properties.PropertyMappingContextCustomizer@0, org.springframework.boot.test.autoconfigure.web.servlet.WebDriverContextCustomizerFactory$Customizer@5d47c63f], resourceBasePath = 'src/main/webapp', contextLoader = 'org.springframework.boot.test.context.SpringBootContextLoader', parent = [null]]]
2020-05-14 09:41:47.055 [main] DEBUG org.springframework.test.context.cache -
				Spring test ApplicationContext cache statistics: [DefaultContextCache@5f8d4b51 size = 1, maxSize = 32, parentContextCount = 0, hitCount = 104, missCount = 1]
2020-05-14 09:41:47.056 [main] DEBUG o.s.t.c.c.DefaultCacheAwareContextLoaderDelegate -
				Retrieved ApplicationContext from cache with key [[WebMergedContextConfiguration@5ec3689b testClass = LDAPTest, locations = '{}', classes = '{class nudt.web.AppServerApplication, class nudt.web.AppServerApplication}', contextInitializerClasses = '[]', activeProfiles = '{}', propertySourceLocations = '{}', propertySourceProperties = '{org.springframework.boot.test.context.SpringBootTestContextBootstrapper=true}', contextCustomizers = set[org.springframework.boot.test.context.SpringBootTestContextCustomizer@3b2c72c2, org.springframework.boot.test.context.filter.ExcludeFilterContextCustomizer@971d0d8, org.springframework.boot.test.json.DuplicateJsonObjectContextCustomizerFactory$DuplicateJsonObjectContextCustomizer@564718df, org.springframework.boot.test.mock.mockito.MockitoContextCustomizer@0, org.springframework.boot.test.autoconfigure.properties.PropertyMappingContextCustomizer@0, org.springframework.boot.test.autoconfigure.web.servlet.WebDriverContextCustomizerFactory$Customizer@5d47c63f], resourceBasePath = 'src/main/webapp', contextLoader = 'org.springframework.boot.test.context.SpringBootContextLoader', parent = [null]]]
2020-05-14 09:41:47.056 [main] DEBUG org.springframework.test.context.cache -
				Spring test ApplicationContext cache statistics: [DefaultContextCache@5f8d4b51 size = 1, maxSize = 32, parentContextCount = 0, hitCount = 105, missCount = 1]
2020-05-14 09:41:47.057 [main] DEBUG o.s.b.factory.support.DefaultListableBeanFactory -
				Returning cached instance of singleton bean 'org.springframework.boot.test.mock.mockito.MockitoBeans'
2020-05-14 09:41:47.058 [main] DEBUG o.s.t.c.s.AbstractDirtiesContextTestExecutionListener -
				After test method: context [DefaultTestContext@1ddc889b testClass = LDAPTest, testInstance = com.taoyuanx.test.LDAPTest@14d513ca, testMethod = findByPrimaryKey@LDAPTest, testException = org.springframework.ldap.NameNotFoundException: [LDAP: error code 32 - No Such Object]; nested exception is javax.naming.NameNotFoundException: [LDAP: error code 32 - No Such Object]; remaining name 'ou=Ant Forest,ou=taobao', mergedContextConfiguration = [WebMergedContextConfiguration@5ec3689b testClass = LDAPTest, locations = '{}', classes = '{class nudt.web.AppServerApplication, class nudt.web.AppServerApplication}', contextInitializerClasses = '[]', activeProfiles = '{}', propertySourceLocations = '{}', propertySourceProperties = '{org.springframework.boot.test.context.SpringBootTestContextBootstrapper=true}', contextCustomizers = set[org.springframework.boot.test.context.SpringBootTestContextCustomizer@3b2c72c2, org.springframework.boot.test.context.filter.ExcludeFilterContextCustomizer@971d0d8, org.springframework.boot.test.json.DuplicateJsonObjectContextCustomizerFactory$DuplicateJsonObjectContextCustomizer@564718df, org.springframework.boot.test.mock.mockito.MockitoContextCustomizer@0, org.springframework.boot.test.autoconfigure.properties.PropertyMappingContextCustomizer@0, org.springframework.boot.test.autoconfigure.web.servlet.WebDriverContextCustomizerFactory$Customizer@5d47c63f], resourceBasePath = 'src/main/webapp', contextLoader = 'org.springframework.boot.test.context.SpringBootContextLoader', parent = [null]]], class annotated with @DirtiesContext [false] with mode [null], method annotated with @DirtiesContext [false] with mode [null].
2020-05-14 09:41:47.058 [main] DEBUG o.s.test.context.web.ServletTestExecutionListener -
				Resetting RequestContextHolder for test context [DefaultTestContext@1ddc889b testClass = LDAPTest, testInstance = com.taoyuanx.test.LDAPTest@14d513ca, testMethod = findByPrimaryKey@LDAPTest, testException = org.springframework.ldap.NameNotFoundException: [LDAP: error code 32 - No Such Object]; nested exception is javax.naming.NameNotFoundException: [LDAP: error code 32 - No Such Object]; remaining name 'ou=Ant Forest,ou=taobao', mergedContextConfiguration = [WebMergedContextConfiguration@5ec3689b testClass = LDAPTest, locations = '{}', classes = '{class nudt.web.AppServerApplication, class nudt.web.AppServerApplication}', contextInitializerClasses = '[]', activeProfiles = '{}', propertySourceLocations = '{}', propertySourceProperties = '{org.springframework.boot.test.context.SpringBootTestContextBootstrapper=true}', contextCustomizers = set[org.springframework.boot.test.context.SpringBootTestContextCustomizer@3b2c72c2, org.springframework.boot.test.context.filter.ExcludeFilterContextCustomizer@971d0d8, org.springframework.boot.test.json.DuplicateJsonObjectContextCustomizerFactory$DuplicateJsonObjectContextCustomizer@564718df, org.springframework.boot.test.mock.mockito.MockitoContextCustomizer@0, org.springframework.boot.test.autoconfigure.properties.PropertyMappingContextCustomizer@0, org.springframework.boot.test.autoconfigure.web.servlet.WebDriverContextCustomizerFactory$Customizer@5d47c63f], resourceBasePath = 'src/main/webapp', contextLoader = 'org.springframework.boot.test.context.SpringBootContextLoader', parent = [null]]].
]]></system-out>
  </testcase>
</testsuite>