<?xml version="1.0" encoding="UTF-8"?>
<testsuite xmlns:xsi="http://www.w3.org/2001/XMLSchema-instance" xsi:noNamespaceSchemaLocation="https://maven.apache.org/surefire/maven-surefire-plugin/xsd/surefire-test-report.xsd" name="com.taoyuanx.test.ClerkTest" time="0.461" tests="2" errors="1" skipped="0" failures="0">
  <properties>
[...]
</properties>
  <testcase name="add" classname="com.taoyuanx.test.ClerkTest" time="0.167">
    <error message="[LDAP: error code 68 - Entry Already Exists]; nested exception is javax.naming.NameAlreadyBoundException: [LDAP: error code 68 - Entry Already Exists]; remaining name &apos;cn=gino,ou=taobao&apos;" type="org.springframework.ldap.NameAlreadyBoundException">org.springframework.ldap.NameAlreadyBoundException: [LDAP: error code 68 - Entry Already Exists]; nested exception is javax.naming.NameAlreadyBoundException: [LDAP: error code 68 - Entry Already Exists]; remaining name 'cn=gino,ou=taobao'
	at com.taoyuanx.test.ClerkTest.add(ClerkTest.java:30)
Caused by: javax.naming.NameAlreadyBoundException: [LDAP: error code 68 - Entry Already Exists]
	at com.taoyuanx.test.ClerkTest.add(ClerkTest.java:30)
</error>
    <system-out><![CDATA[2020-05-14 09:41:46.312 [main] DEBUG o.s.test.context.junit4.SpringJUnit4ClassRunner -
				SpringJUnit4ClassRunner constructor called with [class com.taoyuanx.test.ClerkTest]
2020-05-14 09:41:46.312 [main] DEBUG org.springframework.test.context.BootstrapUtils -
				Instantiating CacheAwareContextLoaderDelegate from class [org.springframework.test.context.cache.DefaultCacheAwareContextLoaderDelegate]
2020-05-14 09:41:46.313 [main] DEBUG org.springframework.test.context.BootstrapUtils -
				Instantiating BootstrapContext using constructor [public org.springframework.test.context.support.DefaultBootstrapContext(java.lang.Class,org.springframework.test.context.CacheAwareContextLoaderDelegate)]
2020-05-14 09:41:46.313 [main] DEBUG org.springframework.test.context.BootstrapUtils -
				Instantiating TestContextBootstrapper for test class [com.taoyuanx.test.ClerkTest] from class [org.springframework.boot.test.context.SpringBootTestContextBootstrapper]
2020-05-14 09:41:46.313 [main] INFO  o.s.b.t.context.SpringBootTestContextBootstrapper -
				Neither @ContextConfiguration nor @ContextHierarchy found for test class [com.taoyuanx.test.ClerkTest], using SpringBootContextLoader
2020-05-14 09:41:46.314 [main] DEBUG o.s.test.context.support.AbstractContextLoader -
				Did not detect default resource location for test class [com.taoyuanx.test.ClerkTest]: class path resource [com/taoyuanx/test/ClerkTest-context.xml] does not exist
2020-05-14 09:41:46.314 [main] DEBUG o.s.test.context.support.AbstractContextLoader -
				Did not detect default resource location for test class [com.taoyuanx.test.ClerkTest]: class path resource [com/taoyuanx/test/ClerkTestContext.groovy] does not exist
2020-05-14 09:41:46.314 [main] INFO  o.s.test.context.support.AbstractContextLoader -
				Could not detect default resource locations for test class [com.taoyuanx.test.ClerkTest]: no resource found for suffixes {-context.xml, Context.groovy}.
2020-05-14 09:41:46.329 [main] DEBUG o.s.test.context.support.ActiveProfilesUtils -
				Could not find an 'annotation declaring class' for annotation type [org.springframework.test.context.ActiveProfiles] and class [com.taoyuanx.test.ClerkTest]
2020-05-14 09:41:46.331 [main] DEBUG o.s.b.t.context.SpringBootTestContextBootstrapper -
				@TestExecutionListeners is not present for class [com.taoyuanx.test.ClerkTest]: using defaults.
2020-05-14 09:41:46.339 [main] INFO  o.s.b.t.context.SpringBootTestContextBootstrapper -
				Loaded default TestExecutionListener class names from location [META-INF/spring.factories]: [org.springframework.boot.test.mock.mockito.MockitoTestExecutionListener, org.springframework.boot.test.mock.mockito.ResetMocksTestExecutionListener, org.springframework.boot.test.autoconfigure.restdocs.RestDocsTestExecutionListener, org.springframework.boot.test.autoconfigure.web.client.MockRestServiceServerResetTestExecutionListener, org.springframework.boot.test.autoconfigure.web.servlet.MockMvcPrintOnlyOnFailureTestExecutionListener, org.springframework.boot.test.autoconfigure.web.servlet.WebDriverTestExecutionListener, org.springframework.test.context.web.ServletTestExecutionListener, org.springframework.test.context.support.DirtiesContextBeforeModesTestExecutionListener, org.springframework.test.context.support.DependencyInjectionTestExecutionListener, org.springframework.test.context.support.DirtiesContextTestExecutionListener, org.springframework.test.context.transaction.TransactionalTestExecutionListener, org.springframework.test.context.jdbc.SqlScriptsTestExecutionListener]
2020-05-14 09:41:46.346 [main] INFO  o.s.b.t.context.SpringBootTestContextBootstrapper -
				Using TestExecutionListeners: [org.springframework.test.context.web.ServletTestExecutionListener@19b3d3a4, org.springframework.test.context.support.DirtiesContextBeforeModesTestExecutionListener@3a9040f0, org.springframework.boot.test.mock.mockito.MockitoTestExecutionListener@33214124, org.springframework.boot.test.autoconfigure.SpringBootDependencyInjectionTestExecutionListener@2d3768ce, org.springframework.test.context.support.DirtiesContextTestExecutionListener@2a9ea03f, org.springframework.test.context.transaction.TransactionalTestExecutionListener@1231f25c, org.springframework.test.context.jdbc.SqlScriptsTestExecutionListener@2ba0b95f, org.springframework.boot.test.mock.mockito.ResetMocksTestExecutionListener@3dc7c5fd, org.springframework.boot.test.autoconfigure.restdocs.RestDocsTestExecutionListener@62871522, org.springframework.boot.test.autoconfigure.web.client.MockRestServiceServerResetTestExecutionListener@7fb9a83c, org.springframework.boot.test.autoconfigure.web.servlet.MockMvcPrintOnlyOnFailureTestExecutionListener@517d9cd5, org.springframework.boot.test.autoconfigure.web.servlet.WebDriverTestExecutionListener@5216532a]
2020-05-14 09:41:46.346 [main] DEBUG o.s.test.annotation.ProfileValueUtils -
				Retrieved @ProfileValueSourceConfiguration [null] for test class [com.taoyuanx.test.ClerkTest]
2020-05-14 09:41:46.346 [main] DEBUG o.s.test.annotation.ProfileValueUtils -
				Retrieved ProfileValueSource type [class org.springframework.test.annotation.SystemProfileValueSource] for class [com.taoyuanx.test.ClerkTest]
2020-05-14 09:41:46.346 [main] DEBUG o.s.test.annotation.ProfileValueUtils -
				Retrieved @ProfileValueSourceConfiguration [null] for test class [com.taoyuanx.test.ClerkTest]
2020-05-14 09:41:46.346 [main] DEBUG o.s.test.annotation.ProfileValueUtils -
				Retrieved ProfileValueSource type [class org.springframework.test.annotation.SystemProfileValueSource] for class [com.taoyuanx.test.ClerkTest]
2020-05-14 09:41:46.346 [main] DEBUG o.s.test.annotation.ProfileValueUtils -
				Retrieved @ProfileValueSourceConfiguration [null] for test class [com.taoyuanx.test.ClerkTest]
2020-05-14 09:41:46.346 [main] DEBUG o.s.test.annotation.ProfileValueUtils -
				Retrieved ProfileValueSource type [class org.springframework.test.annotation.SystemProfileValueSource] for class [com.taoyuanx.test.ClerkTest]
2020-05-14 09:41:46.347 [main] DEBUG o.s.test.annotation.ProfileValueUtils -
				Retrieved @ProfileValueSourceConfiguration [null] for test class [com.taoyuanx.test.ClerkTest]
2020-05-14 09:41:46.347 [main] DEBUG o.s.test.annotation.ProfileValueUtils -
				Retrieved ProfileValueSource type [class org.springframework.test.annotation.SystemProfileValueSource] for class [com.taoyuanx.test.ClerkTest]
2020-05-14 09:41:46.347 [main] DEBUG o.s.test.annotation.ProfileValueUtils -
				Retrieved @ProfileValueSourceConfiguration [null] for test class [com.taoyuanx.test.ClerkTest]
2020-05-14 09:41:46.347 [main] DEBUG o.s.test.annotation.ProfileValueUtils -
				Retrieved ProfileValueSource type [class org.springframework.test.annotation.SystemProfileValueSource] for class [com.taoyuanx.test.ClerkTest]
2020-05-14 09:41:46.347 [main] DEBUG o.s.t.c.s.AbstractDirtiesContextTestExecutionListener -
				Before test class: context [DefaultTestContext@862624f testClass = ClerkTest, testInstance = [null], testMethod = [null], testException = [null], mergedContextConfiguration = [WebMergedContextConfiguration@3aa8c337 testClass = ClerkTest, locations = '{}', classes = '{class nudt.web.AppServerApplication, class nudt.web.AppServerApplication}', contextInitializerClasses = '[]', activeProfiles = '{}', propertySourceLocations = '{}', propertySourceProperties = '{org.springframework.boot.test.context.SpringBootTestContextBootstrapper=true}', contextCustomizers = set[org.springframework.boot.test.context.SpringBootTestContextCustomizer@3b2c72c2, org.springframework.boot.test.context.filter.ExcludeFilterContextCustomizer@971d0d8, org.springframework.boot.test.json.DuplicateJsonObjectContextCustomizerFactory$DuplicateJsonObjectContextCustomizer@564718df, org.springframework.boot.test.mock.mockito.MockitoContextCustomizer@0, org.springframework.boot.test.autoconfigure.properties.PropertyMappingContextCustomizer@0, org.springframework.boot.test.autoconfigure.web.servlet.WebDriverContextCustomizerFactory$Customizer@5d47c63f], resourceBasePath = 'src/main/webapp', contextLoader = 'org.springframework.boot.test.context.SpringBootContextLoader', parent = [null]]], class annotated with @DirtiesContext [false] with mode [null].
2020-05-14 09:41:46.348 [main] DEBUG o.s.test.annotation.ProfileValueUtils -
				Retrieved @ProfileValueSourceConfiguration [null] for test class [com.taoyuanx.test.ClerkTest]
2020-05-14 09:41:46.348 [main] DEBUG o.s.test.annotation.ProfileValueUtils -
				Retrieved ProfileValueSource type [class org.springframework.test.annotation.SystemProfileValueSource] for class [com.taoyuanx.test.ClerkTest]
2020-05-14 09:41:46.348 [main] DEBUG o.s.t.c.c.DefaultCacheAwareContextLoaderDelegate -
				Retrieved ApplicationContext from cache with key [[WebMergedContextConfiguration@3aa8c337 testClass = ClerkTest, locations = '{}', classes = '{class nudt.web.AppServerApplication, class nudt.web.AppServerApplication}', contextInitializerClasses = '[]', activeProfiles = '{}', propertySourceLocations = '{}', propertySourceProperties = '{org.springframework.boot.test.context.SpringBootTestContextBootstrapper=true}', contextCustomizers = set[org.springframework.boot.test.context.SpringBootTestContextCustomizer@3b2c72c2, org.springframework.boot.test.context.filter.ExcludeFilterContextCustomizer@971d0d8, org.springframework.boot.test.json.DuplicateJsonObjectContextCustomizerFactory$DuplicateJsonObjectContextCustomizer@564718df, org.springframework.boot.test.mock.mockito.MockitoContextCustomizer@0, org.springframework.boot.test.autoconfigure.properties.PropertyMappingContextCustomizer@0, org.springframework.boot.test.autoconfigure.web.servlet.WebDriverContextCustomizerFactory$Customizer@5d47c63f], resourceBasePath = 'src/main/webapp', contextLoader = 'org.springframework.boot.test.context.SpringBootContextLoader', parent = [null]]]
2020-05-14 09:41:46.354 [main] DEBUG org.springframework.test.context.cache -
				Spring test ApplicationContext cache statistics: [DefaultContextCache@5f8d4b51 size = 1, maxSize = 32, parentContextCount = 0, hitCount = 6, missCount = 1]
2020-05-14 09:41:46.355 [main] DEBUG o.s.test.context.web.ServletTestExecutionListener -
				Setting up MockHttpServletRequest, MockHttpServletResponse, ServletWebRequest, and RequestContextHolder for test context [DefaultTestContext@862624f testClass = ClerkTest, testInstance = com.taoyuanx.test.ClerkTest@78e7b83, testMethod = [null], testException = [null], mergedContextConfiguration = [WebMergedContextConfiguration@3aa8c337 testClass = ClerkTest, locations = '{}', classes = '{class nudt.web.AppServerApplication, class nudt.web.AppServerApplication}', contextInitializerClasses = '[]', activeProfiles = '{}', propertySourceLocations = '{}', propertySourceProperties = '{org.springframework.boot.test.context.SpringBootTestContextBootstrapper=true}', contextCustomizers = set[org.springframework.boot.test.context.SpringBootTestContextCustomizer@3b2c72c2, org.springframework.boot.test.context.filter.ExcludeFilterContextCustomizer@971d0d8, org.springframework.boot.test.json.DuplicateJsonObjectContextCustomizerFactory$DuplicateJsonObjectContextCustomizer@564718df, org.springframework.boot.test.mock.mockito.MockitoContextCustomizer@0, org.springframework.boot.test.autoconfigure.properties.PropertyMappingContextCustomizer@0, org.springframework.boot.test.autoconfigure.web.servlet.WebDriverContextCustomizerFactory$Customizer@5d47c63f], resourceBasePath = 'src/main/webapp', contextLoader = 'org.springframework.boot.test.context.SpringBootContextLoader', parent = [null]]].
2020-05-14 09:41:46.355 [main] DEBUG o.s.t.c.s.DependencyInjectionTestExecutionListener -
				Performing dependency injection for test context [[DefaultTestContext@862624f testClass = ClerkTest, testInstance = com.taoyuanx.test.ClerkTest@78e7b83, testMethod = [null], testException = [null], mergedContextConfiguration = [WebMergedContextConfiguration@3aa8c337 testClass = ClerkTest, locations = '{}', classes = '{class nudt.web.AppServerApplication, class nudt.web.AppServerApplication}', contextInitializerClasses = '[]', activeProfiles = '{}', propertySourceLocations = '{}', propertySourceProperties = '{org.springframework.boot.test.context.SpringBootTestContextBootstrapper=true}', contextCustomizers = set[org.springframework.boot.test.context.SpringBootTestContextCustomizer@3b2c72c2, org.springframework.boot.test.context.filter.ExcludeFilterContextCustomizer@971d0d8, org.springframework.boot.test.json.DuplicateJsonObjectContextCustomizerFactory$DuplicateJsonObjectContextCustomizer@564718df, org.springframework.boot.test.mock.mockito.MockitoContextCustomizer@0, org.springframework.boot.test.autoconfigure.properties.PropertyMappingContextCustomizer@0, org.springframework.boot.test.autoconfigure.web.servlet.WebDriverContextCustomizerFactory$Customizer@5d47c63f], resourceBasePath = 'src/main/webapp', contextLoader = 'org.springframework.boot.test.context.SpringBootContextLoader', parent = [null]]]].
2020-05-14 09:41:46.355 [main] DEBUG o.s.t.c.c.DefaultCacheAwareContextLoaderDelegate -
				Retrieved ApplicationContext from cache with key [[WebMergedContextConfiguration@3aa8c337 testClass = ClerkTest, locations = '{}', classes = '{class nudt.web.AppServerApplication, class nudt.web.AppServerApplication}', contextInitializerClasses = '[]', activeProfiles = '{}', propertySourceLocations = '{}', propertySourceProperties = '{org.springframework.boot.test.context.SpringBootTestContextBootstrapper=true}', contextCustomizers = set[org.springframework.boot.test.context.SpringBootTestContextCustomizer@3b2c72c2, org.springframework.boot.test.context.filter.ExcludeFilterContextCustomizer@971d0d8, org.springframework.boot.test.json.DuplicateJsonObjectContextCustomizerFactory$DuplicateJsonObjectContextCustomizer@564718df, org.springframework.boot.test.mock.mockito.MockitoContextCustomizer@0, org.springframework.boot.test.autoconfigure.properties.PropertyMappingContextCustomizer@0, org.springframework.boot.test.autoconfigure.web.servlet.WebDriverContextCustomizerFactory$Customizer@5d47c63f], resourceBasePath = 'src/main/webapp', contextLoader = 'org.springframework.boot.test.context.SpringBootContextLoader', parent = [null]]]
2020-05-14 09:41:46.355 [main] DEBUG org.springframework.test.context.cache -
				Spring test ApplicationContext cache statistics: [DefaultContextCache@5f8d4b51 size = 1, maxSize = 32, parentContextCount = 0, hitCount = 7, missCount = 1]
2020-05-14 09:41:46.357 [main] DEBUG o.s.beans.factory.annotation.InjectionMetadata -
				Processing injected element of bean 'com.taoyuanx.test.ClerkTest': AutowiredFieldElement for nudt.web.repository.ClerkRepository com.taoyuanx.test.ClerkTest.clerkRepository
2020-05-14 09:41:46.358 [main] DEBUG o.s.b.factory.support.DefaultListableBeanFactory -
				Returning cached instance of singleton bean 'clerkRepository'
2020-05-14 09:41:46.358 [main] DEBUG o.s.b.factory.support.DefaultListableBeanFactory -
				Returning cached instance of singleton bean 'org.springframework.transaction.config.internalTransactionAdvisor'
2020-05-14 09:41:46.358 [main] DEBUG o.s.b.factory.support.DefaultListableBeanFactory -
				Returning cached instance of singleton bean 'org.springframework.transaction.config.internalTransactionAdvisor'
2020-05-14 09:41:46.359 [main] DEBUG o.s.b.f.a.AutowiredAnnotationBeanPostProcessor -
				Autowiring by type from bean name 'com.taoyuanx.test.ClerkTest' to bean named 'clerkRepository'
2020-05-14 09:41:46.359 [main] DEBUG o.s.b.factory.support.DefaultListableBeanFactory -
				Returning cached instance of singleton bean 'org.springframework.transaction.config.internalTransactionAdvisor'
2020-05-14 09:41:46.359 [main] DEBUG o.s.b.factory.support.DefaultListableBeanFactory -
				Returning cached instance of singleton bean 'org.springframework.transaction.config.internalTransactionAdvisor'
2020-05-14 09:41:46.360 [main] DEBUG o.s.t.c.s.AbstractDirtiesContextTestExecutionListener -
				Before test method: context [DefaultTestContext@862624f testClass = ClerkTest, testInstance = com.taoyuanx.test.ClerkTest@78e7b83, testMethod = add@ClerkTest, testException = [null], mergedContextConfiguration = [WebMergedContextConfiguration@3aa8c337 testClass = ClerkTest, locations = '{}', classes = '{class nudt.web.AppServerApplication, class nudt.web.AppServerApplication}', contextInitializerClasses = '[]', activeProfiles = '{}', propertySourceLocations = '{}', propertySourceProperties = '{org.springframework.boot.test.context.SpringBootTestContextBootstrapper=true}', contextCustomizers = set[org.springframework.boot.test.context.SpringBootTestContextCustomizer@3b2c72c2, org.springframework.boot.test.context.filter.ExcludeFilterContextCustomizer@971d0d8, org.springframework.boot.test.json.DuplicateJsonObjectContextCustomizerFactory$DuplicateJsonObjectContextCustomizer@564718df, org.springframework.boot.test.mock.mockito.MockitoContextCustomizer@0, org.springframework.boot.test.autoconfigure.properties.PropertyMappingContextCustomizer@0, org.springframework.boot.test.autoconfigure.web.servlet.WebDriverContextCustomizerFactory$Customizer@5d47c63f], resourceBasePath = 'src/main/webapp', contextLoader = 'org.springframework.boot.test.context.SpringBootContextLoader', parent = [null]]], class annotated with @DirtiesContext [false] with mode [null], method annotated with @DirtiesContext [false] with mode [null].
2020-05-14 09:41:46.367 [main] DEBUG o.s.t.c.c.DefaultCacheAwareContextLoaderDelegate -
				Retrieved ApplicationContext from cache with key [[WebMergedContextConfiguration@3aa8c337 testClass = ClerkTest, locations = '{}', classes = '{class nudt.web.AppServerApplication, class nudt.web.AppServerApplication}', contextInitializerClasses = '[]', activeProfiles = '{}', propertySourceLocations = '{}', propertySourceProperties = '{org.springframework.boot.test.context.SpringBootTestContextBootstrapper=true}', contextCustomizers = set[org.springframework.boot.test.context.SpringBootTestContextCustomizer@3b2c72c2, org.springframework.boot.test.context.filter.ExcludeFilterContextCustomizer@971d0d8, org.springframework.boot.test.json.DuplicateJsonObjectContextCustomizerFactory$DuplicateJsonObjectContextCustomizer@564718df, org.springframework.boot.test.mock.mockito.MockitoContextCustomizer@0, org.springframework.boot.test.autoconfigure.properties.PropertyMappingContextCustomizer@0, org.springframework.boot.test.autoconfigure.web.servlet.WebDriverContextCustomizerFactory$Customizer@5d47c63f], resourceBasePath = 'src/main/webapp', contextLoader = 'org.springframework.boot.test.context.SpringBootContextLoader', parent = [null]]]
2020-05-14 09:41:46.367 [main] DEBUG org.springframework.test.context.cache -
				Spring test ApplicationContext cache statistics: [DefaultContextCache@5f8d4b51 size = 1, maxSize = 32, parentContextCount = 0, hitCount = 8, missCount = 1]
2020-05-14 09:41:46.367 [main] DEBUG o.s.b.factory.support.DefaultListableBeanFactory -
				Returning cached instance of singleton bean 'org.springframework.boot.test.mock.mockito.MockitoBeans'
2020-05-14 09:41:46.368 [main] DEBUG o.s.l.odm.core.impl.DefaultObjectDirectoryMapper -
				Adding class class nudt.web.entity.Clerk to managed set
2020-05-14 09:41:46.375 [main] DEBUG o.s.ldap.odm.core.impl.ObjectMetaData -
				Extracting metadata from class nudt.web.entity.Clerk
2020-05-14 09:41:46.376 [main] WARN  o.s.ldap.odm.core.impl.ObjectMetaData -
				The Entry class Clerk should be declared final
2020-05-14 09:41:46.384 [main] DEBUG o.s.ldap.odm.core.impl.ObjectMetaData -
				Extracted metadata from class nudt.web.entity.Clerk as objectsClasses=[person, top] | idField=dn | attributes={private javax.naming.Name nudt.web.entity.Clerk.dn=name=dn | field=private javax.naming.Name nudt.web.entity.Clerk.dn | valueClass=interface javax.naming.Name | syntax=| isBinary=false | isId=true | isReadOnly=false |  isList=false | isObjectClass=false, private java.lang.String nudt.web.entity.Clerk.fullName=name=cn | field=private java.lang.String nudt.web.entity.Clerk.fullName | valueClass=class java.lang.String | syntax=| isBinary=false | isId=false | isReadOnly=false |  isList=false | isObjectClass=false, private java.lang.String nudt.web.entity.Clerk.description=name=description | field=private java.lang.String nudt.web.entity.Clerk.description | valueClass=class java.lang.String | syntax=| isBinary=false | isId=false | isReadOnly=false |  isList=false | isObjectClass=false, private java.lang.String nudt.web.entity.Clerk.telephoneNumber=name=telephoneNumber | field=private java.lang.String nudt.web.entity.Clerk.telephoneNumber | valueClass=class java.lang.String | syntax=| isBinary=false | isId=false | isReadOnly=false |  isList=false | isObjectClass=false, private java.lang.String nudt.web.entity.Clerk.userPassword=name=userPassword | field=private java.lang.String nudt.web.entity.Clerk.userPassword | valueClass=class java.lang.String | syntax=| isBinary=false | isId=false | isReadOnly=false |  isList=false | isObjectClass=false, private java.lang.String nudt.web.entity.Clerk.lastName=name=sn | field=private java.lang.String nudt.web.entity.Clerk.lastName | valueClass=class java.lang.String | syntax=| isBinary=false | isId=false | isReadOnly=false |  isList=false | isObjectClass=false}
2020-05-14 09:41:46.388 [main] DEBUG org.springframework.ldap.core.LdapTemplate -
				Creating entry - Clerk(dn=null, fullName=gino, lastName=G, userPassword=111111, telephoneNumber=null, description=null)$1
2020-05-14 09:41:46.444 [main] DEBUG o.s.ldap.core.support.AbstractContextSource -
				Got Ldap context on server 'ldap://172.20.10.9:389/dc=zfc,dc=com'
2020-05-14 09:41:46.458 [main] DEBUG o.s.t.c.c.DefaultCacheAwareContextLoaderDelegate -
				Retrieved ApplicationContext from cache with key [[WebMergedContextConfiguration@3aa8c337 testClass = ClerkTest, locations = '{}', classes = '{class nudt.web.AppServerApplication, class nudt.web.AppServerApplication}', contextInitializerClasses = '[]', activeProfiles = '{}', propertySourceLocations = '{}', propertySourceProperties = '{org.springframework.boot.test.context.SpringBootTestContextBootstrapper=true}', contextCustomizers = set[org.springframework.boot.test.context.SpringBootTestContextCustomizer@3b2c72c2, org.springframework.boot.test.context.filter.ExcludeFilterContextCustomizer@971d0d8, org.springframework.boot.test.json.DuplicateJsonObjectContextCustomizerFactory$DuplicateJsonObjectContextCustomizer@564718df, org.springframework.boot.test.mock.mockito.MockitoContextCustomizer@0, org.springframework.boot.test.autoconfigure.properties.PropertyMappingContextCustomizer@0, org.springframework.boot.test.autoconfigure.web.servlet.WebDriverContextCustomizerFactory$Customizer@5d47c63f], resourceBasePath = 'src/main/webapp', contextLoader = 'org.springframework.boot.test.context.SpringBootContextLoader', parent = [null]]]
2020-05-14 09:41:46.458 [main] DEBUG org.springframework.test.context.cache -
				Spring test ApplicationContext cache statistics: [DefaultContextCache@5f8d4b51 size = 1, maxSize = 32, parentContextCount = 0, hitCount = 9, missCount = 1]
2020-05-14 09:41:46.459 [main] DEBUG o.s.t.c.c.DefaultCacheAwareContextLoaderDelegate -
				Retrieved ApplicationContext from cache with key [[WebMergedContextConfiguration@3aa8c337 testClass = ClerkTest, locations = '{}', classes = '{class nudt.web.AppServerApplication, class nudt.web.AppServerApplication}', contextInitializerClasses = '[]', activeProfiles = '{}', propertySourceLocations = '{}', propertySourceProperties = '{org.springframework.boot.test.context.SpringBootTestContextBootstrapper=true}', contextCustomizers = set[org.springframework.boot.test.context.SpringBootTestContextCustomizer@3b2c72c2, org.springframework.boot.test.context.filter.ExcludeFilterContextCustomizer@971d0d8, org.springframework.boot.test.json.DuplicateJsonObjectContextCustomizerFactory$DuplicateJsonObjectContextCustomizer@564718df, org.springframework.boot.test.mock.mockito.MockitoContextCustomizer@0, org.springframework.boot.test.autoconfigure.properties.PropertyMappingContextCustomizer@0, org.springframework.boot.test.autoconfigure.web.servlet.WebDriverContextCustomizerFactory$Customizer@5d47c63f], resourceBasePath = 'src/main/webapp', contextLoader = 'org.springframework.boot.test.context.SpringBootContextLoader', parent = [null]]]
2020-05-14 09:41:46.459 [main] DEBUG org.springframework.test.context.cache -
				Spring test ApplicationContext cache statistics: [DefaultContextCache@5f8d4b51 size = 1, maxSize = 32, parentContextCount = 0, hitCount = 10, missCount = 1]
2020-05-14 09:41:46.460 [main] DEBUG o.s.t.c.c.DefaultCacheAwareContextLoaderDelegate -
				Retrieved ApplicationContext from cache with key [[WebMergedContextConfiguration@3aa8c337 testClass = ClerkTest, locations = '{}', classes = '{class nudt.web.AppServerApplication, class nudt.web.AppServerApplication}', contextInitializerClasses = '[]', activeProfiles = '{}', propertySourceLocations = '{}', propertySourceProperties = '{org.springframework.boot.test.context.SpringBootTestContextBootstrapper=true}', contextCustomizers = set[org.springframework.boot.test.context.SpringBootTestContextCustomizer@3b2c72c2, org.springframework.boot.test.context.filter.ExcludeFilterContextCustomizer@971d0d8, org.springframework.boot.test.json.DuplicateJsonObjectContextCustomizerFactory$DuplicateJsonObjectContextCustomizer@564718df, org.springframework.boot.test.mock.mockito.MockitoContextCustomizer@0, org.springframework.boot.test.autoconfigure.properties.PropertyMappingContextCustomizer@0, org.springframework.boot.test.autoconfigure.web.servlet.WebDriverContextCustomizerFactory$Customizer@5d47c63f], resourceBasePath = 'src/main/webapp', contextLoader = 'org.springframework.boot.test.context.SpringBootContextLoader', parent = [null]]]
2020-05-14 09:41:46.460 [main] DEBUG org.springframework.test.context.cache -
				Spring test ApplicationContext cache statistics: [DefaultContextCache@5f8d4b51 size = 1, maxSize = 32, parentContextCount = 0, hitCount = 11, missCount = 1]
2020-05-14 09:41:46.462 [main] DEBUG o.s.t.c.c.DefaultCacheAwareContextLoaderDelegate -
				Retrieved ApplicationContext from cache with key [[WebMergedContextConfiguration@3aa8c337 testClass = ClerkTest, locations = '{}', classes = '{class nudt.web.AppServerApplication, class nudt.web.AppServerApplication}', contextInitializerClasses = '[]', activeProfiles = '{}', propertySourceLocations = '{}', propertySourceProperties = '{org.springframework.boot.test.context.SpringBootTestContextBootstrapper=true}', contextCustomizers = set[org.springframework.boot.test.context.SpringBootTestContextCustomizer@3b2c72c2, org.springframework.boot.test.context.filter.ExcludeFilterContextCustomizer@971d0d8, org.springframework.boot.test.json.DuplicateJsonObjectContextCustomizerFactory$DuplicateJsonObjectContextCustomizer@564718df, org.springframework.boot.test.mock.mockito.MockitoContextCustomizer@0, org.springframework.boot.test.autoconfigure.properties.PropertyMappingContextCustomizer@0, org.springframework.boot.test.autoconfigure.web.servlet.WebDriverContextCustomizerFactory$Customizer@5d47c63f], resourceBasePath = 'src/main/webapp', contextLoader = 'org.springframework.boot.test.context.SpringBootContextLoader', parent = [null]]]
2020-05-14 09:41:46.462 [main] DEBUG org.springframework.test.context.cache -
				Spring test ApplicationContext cache statistics: [DefaultContextCache@5f8d4b51 size = 1, maxSize = 32, parentContextCount = 0, hitCount = 12, missCount = 1]
2020-05-14 09:41:46.462 [main] DEBUG o.s.b.factory.support.DefaultListableBeanFactory -
				Returning cached instance of singleton bean 'org.springframework.boot.test.mock.mockito.MockitoBeans'
2020-05-14 09:41:46.463 [main] DEBUG o.s.t.c.s.AbstractDirtiesContextTestExecutionListener -
				After test method: context [DefaultTestContext@862624f testClass = ClerkTest, testInstance = com.taoyuanx.test.ClerkTest@78e7b83, testMethod = add@ClerkTest, testException = org.springframework.ldap.NameAlreadyBoundException: [LDAP: error code 68 - Entry Already Exists]; nested exception is javax.naming.NameAlreadyBoundException: [LDAP: error code 68 - Entry Already Exists]; remaining name 'cn=gino,ou=taobao', mergedContextConfiguration = [WebMergedContextConfiguration@3aa8c337 testClass = ClerkTest, locations = '{}', classes = '{class nudt.web.AppServerApplication, class nudt.web.AppServerApplication}', contextInitializerClasses = '[]', activeProfiles = '{}', propertySourceLocations = '{}', propertySourceProperties = '{org.springframework.boot.test.context.SpringBootTestContextBootstrapper=true}', contextCustomizers = set[org.springframework.boot.test.context.SpringBootTestContextCustomizer@3b2c72c2, org.springframework.boot.test.context.filter.ExcludeFilterContextCustomizer@971d0d8, org.springframework.boot.test.json.DuplicateJsonObjectContextCustomizerFactory$DuplicateJsonObjectContextCustomizer@564718df, org.springframework.boot.test.mock.mockito.MockitoContextCustomizer@0, org.springframework.boot.test.autoconfigure.properties.PropertyMappingContextCustomizer@0, org.springframework.boot.test.autoconfigure.web.servlet.WebDriverContextCustomizerFactory$Customizer@5d47c63f], resourceBasePath = 'src/main/webapp', contextLoader = 'org.springframework.boot.test.context.SpringBootContextLoader', parent = [null]]], class annotated with @DirtiesContext [false] with mode [null], method annotated with @DirtiesContext [false] with mode [null].
2020-05-14 09:41:46.463 [main] DEBUG o.s.test.context.web.ServletTestExecutionListener -
				Resetting RequestContextHolder for test context [DefaultTestContext@862624f testClass = ClerkTest, testInstance = com.taoyuanx.test.ClerkTest@78e7b83, testMethod = add@ClerkTest, testException = org.springframework.ldap.NameAlreadyBoundException: [LDAP: error code 68 - Entry Already Exists]; nested exception is javax.naming.NameAlreadyBoundException: [LDAP: error code 68 - Entry Already Exists]; remaining name 'cn=gino,ou=taobao', mergedContextConfiguration = [WebMergedContextConfiguration@3aa8c337 testClass = ClerkTest, locations = '{}', classes = '{class nudt.web.AppServerApplication, class nudt.web.AppServerApplication}', contextInitializerClasses = '[]', activeProfiles = '{}', propertySourceLocations = '{}', propertySourceProperties = '{org.springframework.boot.test.context.SpringBootTestContextBootstrapper=true}', contextCustomizers = set[org.springframework.boot.test.context.SpringBootTestContextCustomizer@3b2c72c2, org.springframework.boot.test.context.filter.ExcludeFilterContextCustomizer@971d0d8, org.springframework.boot.test.json.DuplicateJsonObjectContextCustomizerFactory$DuplicateJsonObjectContextCustomizer@564718df, org.springframework.boot.test.mock.mockito.MockitoContextCustomizer@0, org.springframework.boot.test.autoconfigure.properties.PropertyMappingContextCustomizer@0, org.springframework.boot.test.autoconfigure.web.servlet.WebDriverContextCustomizerFactory$Customizer@5d47c63f], resourceBasePath = 'src/main/webapp', contextLoader = 'org.springframework.boot.test.context.SpringBootContextLoader', parent = [null]]].
]]></system-out>
  </testcase>
  <testcase name="query" classname="com.taoyuanx.test.ClerkTest" time="0.13"/>
</testsuite>